2024-12-08T19:12:26.925+03:00  INFO 19180 --- [Task-Manager-Api] [main] c.e.t.TaskManagementApplication          : Starting TaskManagementApplication using Java 22.0.1 with PID 19180 (C:\Users\User\IdeaProjects\taski\target\classes started by User in C:\Users\User\IdeaProjects\taski)
2024-12-08T19:12:26.929+03:00  INFO 19180 --- [Task-Manager-Api] [main] c.e.t.TaskManagementApplication          : No active profile set, falling back to 1 default profile: "default"
2024-12-08T19:12:27.865+03:00  INFO 19180 --- [Task-Manager-Api] [main] .s.d.r.c.RepositoryConfigurationDelegate : Bootstrapping Spring Data JPA repositories in DEFAULT mode.
2024-12-08T19:12:27.919+03:00  INFO 19180 --- [Task-Manager-Api] [main] .s.d.r.c.RepositoryConfigurationDelegate : Finished Spring Data repository scanning in 47 ms. Found 3 JPA repository interfaces.
2024-12-08T19:12:28.517+03:00  INFO 19180 --- [Task-Manager-Api] [main] o.s.b.w.embedded.tomcat.TomcatWebServer  : Tomcat initialized with port 8080 (http)
2024-12-08T19:12:28.529+03:00  INFO 19180 --- [Task-Manager-Api] [main] o.apache.catalina.core.StandardService   : Starting service [Tomcat]
2024-12-08T19:12:28.530+03:00  INFO 19180 --- [Task-Manager-Api] [main] o.apache.catalina.core.StandardEngine    : Starting Servlet engine: [Apache Tomcat/10.1.31]
2024-12-08T19:12:28.584+03:00  INFO 19180 --- [Task-Manager-Api] [main] o.a.c.c.C.[Tomcat].[localhost].[/]       : Initializing Spring embedded WebApplicationContext
2024-12-08T19:12:28.584+03:00  INFO 19180 --- [Task-Manager-Api] [main] w.s.c.ServletWebServerApplicationContext : Root WebApplicationContext: initialization completed in 1607 ms
2024-12-08T19:12:28.872+03:00  INFO 19180 --- [Task-Manager-Api] [main] o.hibernate.jpa.internal.util.LogHelper  : HHH000204: Processing PersistenceUnitInfo [name: default]
2024-12-08T19:12:28.926+03:00  INFO 19180 --- [Task-Manager-Api] [main] org.hibernate.Version                    : HHH000412: Hibernate ORM core version 6.5.3.Final
2024-12-08T19:12:28.957+03:00  INFO 19180 --- [Task-Manager-Api] [main] o.h.c.internal.RegionFactoryInitiator    : HHH000026: Second-level cache disabled
2024-12-08T19:12:29.233+03:00  INFO 19180 --- [Task-Manager-Api] [main] o.s.o.j.p.SpringPersistenceUnitInfo      : No LoadTimeWeaver setup: ignoring JPA class transformer
2024-12-08T19:12:29.258+03:00  INFO 19180 --- [Task-Manager-Api] [main] com.zaxxer.hikari.HikariDataSource       : HikariPool-1 - Starting...
2024-12-08T19:12:29.409+03:00  INFO 19180 --- [Task-Manager-Api] [main] com.zaxxer.hikari.pool.HikariPool        : HikariPool-1 - Added connection org.postgresql.jdbc.PgConnection@336070ab
2024-12-08T19:12:29.410+03:00  INFO 19180 --- [Task-Manager-Api] [main] com.zaxxer.hikari.HikariDataSource       : HikariPool-1 - Start completed.
2024-12-08T19:12:29.440+03:00  WARN 19180 --- [Task-Manager-Api] [main] org.hibernate.orm.deprecation            : HHH90000025: PostgreSQLDialect does not need to be specified explicitly using 'hibernate.dialect' (remove the property setting and it will be selected by default)
2024-12-08T19:12:30.370+03:00  INFO 19180 --- [Task-Manager-Api] [main] o.h.e.t.j.p.i.JtaPlatformInitiator       : HHH000489: No JTA platform available (set 'hibernate.transaction.jta.platform' to enable JTA platform integration)
2024-12-08T19:12:30.463+03:00  INFO 19180 --- [Task-Manager-Api] [main] j.LocalContainerEntityManagerFactoryBean : Initialized JPA EntityManagerFactory for persistence unit 'default'
2024-12-08T19:12:30.868+03:00  INFO 19180 --- [Task-Manager-Api] [main] o.s.d.j.r.query.QueryEnhancerFactory     : Hibernate is in classpath; If applicable, HQL parser will be used.
2024-12-08T19:12:31.302+03:00  INFO 19180 --- [Task-Manager-Api] [main] eAuthenticationProviderManagerConfigurer : Global AuthenticationManager configured with AuthenticationProvider bean with name authenticationProvider
2024-12-08T19:12:31.303+03:00  WARN 19180 --- [Task-Manager-Api] [main] r$InitializeUserDetailsManagerConfigurer : Global AuthenticationManager configured with an AuthenticationProvider bean. UserDetailsService beans will not be used for username/password login. Consider removing the AuthenticationProvider bean. Alternatively, consider using the UserDetailsService in a manually instantiated DaoAuthenticationProvider.
2024-12-08T19:12:31.522+03:00  INFO 19180 --- [Task-Manager-Api] [main] c.e.t.TaskManagementApplication          : CORS конфигурация загружена. Разрешённые origin: [http://localhost:8080, http://frontend_server]
2024-12-08T19:12:31.879+03:00  INFO 19180 --- [Task-Manager-Api] [main] o.s.b.a.e.web.EndpointLinksResolver      : Exposing 1 endpoint beneath base path '/actuator'
2024-12-08T19:12:31.913+03:00  INFO 19180 --- [Task-Manager-Api] [main] c.e.t.config.SecurityConfig              : SecurityFilterChain успешно настроен.
2024-12-08T19:12:32.456+03:00  INFO 19180 --- [Task-Manager-Api] [main] o.s.b.w.embedded.tomcat.TomcatWebServer  : Tomcat started on port 8080 (http) with context path '/'
2024-12-08T19:12:32.468+03:00  INFO 19180 --- [Task-Manager-Api] [main] c.e.t.TaskManagementApplication          : Started TaskManagementApplication in 5.934 seconds (process running for 6.466)
2024-12-08T19:12:32.473+03:00  INFO 19180 --- [Task-Manager-Api] [main] c.e.t.TaskManagementApplication          : API управления задачами запущено
2024-12-08T19:12:32.834+03:00  INFO 19180 --- [Task-Manager-Api] [RMI TCP Connection(2)-26.168.63.232] o.a.c.c.C.[Tomcat].[localhost].[/]       : Initializing Spring DispatcherServlet 'dispatcherServlet'
2024-12-08T19:12:32.834+03:00  INFO 19180 --- [Task-Manager-Api] [RMI TCP Connection(2)-26.168.63.232] o.s.web.servlet.DispatcherServlet        : Initializing Servlet 'dispatcherServlet'
2024-12-08T19:12:32.836+03:00  INFO 19180 --- [Task-Manager-Api] [RMI TCP Connection(2)-26.168.63.232] o.s.web.servlet.DispatcherServlet        : Completed initialization in 2 ms
2024-12-08T19:12:36.853+03:00  INFO 19180 --- [Task-Manager-Api] [http-nio-8080-exec-9] o.springdoc.api.AbstractOpenApiResource  : Init duration for springdoc-openapi is: 347 ms
2024-12-08T19:12:42.622+03:00  INFO 19180 --- [Task-Manager-Api] [http-nio-8080-exec-10] c.e.t.security.JwtTokenProvider          : Сгенерирован JWT токен для пользователя 123
2024-12-08T19:12:42.622+03:00  INFO 19180 --- [Task-Manager-Api] [http-nio-8080-exec-10] c.e.taskmanagement.service.UserService   : Пользователь 123 успешно аутентифицирован
2024-12-08T19:15:30.673+03:00  INFO 19180 --- [Task-Manager-Api] [SpringApplicationShutdownHook] j.LocalContainerEntityManagerFactoryBean : Closing JPA EntityManagerFactory for persistence unit 'default'
2024-12-08T19:15:30.677+03:00  INFO 19180 --- [Task-Manager-Api] [SpringApplicationShutdownHook] com.zaxxer.hikari.HikariDataSource       : HikariPool-1 - Shutdown initiated...
2024-12-08T19:15:30.689+03:00  INFO 19180 --- [Task-Manager-Api] [SpringApplicationShutdownHook] com.zaxxer.hikari.HikariDataSource       : HikariPool-1 - Shutdown completed.
2024-12-08T19:57:46.594+03:00  INFO 9864 --- [Task-Manager-Api] [main] c.e.t.TaskManagementApplication          : Starting TaskManagementApplication using Java 22.0.1 with PID 9864 (C:\Users\User\IdeaProjects\taski\target\classes started by User in C:\Users\User\IdeaProjects\taski)
2024-12-08T19:57:46.597+03:00  INFO 9864 --- [Task-Manager-Api] [main] c.e.t.TaskManagementApplication          : No active profile set, falling back to 1 default profile: "default"
2024-12-08T19:57:48.181+03:00  INFO 9864 --- [Task-Manager-Api] [main] .s.d.r.c.RepositoryConfigurationDelegate : Bootstrapping Spring Data JPA repositories in DEFAULT mode.
2024-12-08T19:57:48.256+03:00  INFO 9864 --- [Task-Manager-Api] [main] .s.d.r.c.RepositoryConfigurationDelegate : Finished Spring Data repository scanning in 64 ms. Found 3 JPA repository interfaces.
2024-12-08T19:57:49.068+03:00  INFO 9864 --- [Task-Manager-Api] [main] o.s.b.w.embedded.tomcat.TomcatWebServer  : Tomcat initialized with port 8080 (http)
2024-12-08T19:57:49.086+03:00  INFO 9864 --- [Task-Manager-Api] [main] o.apache.catalina.core.StandardService   : Starting service [Tomcat]
2024-12-08T19:57:49.086+03:00  INFO 9864 --- [Task-Manager-Api] [main] o.apache.catalina.core.StandardEngine    : Starting Servlet engine: [Apache Tomcat/10.1.31]
2024-12-08T19:57:49.155+03:00  INFO 9864 --- [Task-Manager-Api] [main] o.a.c.c.C.[Tomcat].[localhost].[/]       : Initializing Spring embedded WebApplicationContext
2024-12-08T19:57:49.155+03:00  INFO 9864 --- [Task-Manager-Api] [main] w.s.c.ServletWebServerApplicationContext : Root WebApplicationContext: initialization completed in 2485 ms
2024-12-08T19:57:49.467+03:00  INFO 9864 --- [Task-Manager-Api] [main] o.hibernate.jpa.internal.util.LogHelper  : HHH000204: Processing PersistenceUnitInfo [name: default]
2024-12-08T19:57:49.583+03:00  INFO 9864 --- [Task-Manager-Api] [main] org.hibernate.Version                    : HHH000412: Hibernate ORM core version 6.5.3.Final
2024-12-08T19:57:49.633+03:00  INFO 9864 --- [Task-Manager-Api] [main] o.h.c.internal.RegionFactoryInitiator    : HHH000026: Second-level cache disabled
2024-12-08T19:57:50.019+03:00  INFO 9864 --- [Task-Manager-Api] [main] o.s.o.j.p.SpringPersistenceUnitInfo      : No LoadTimeWeaver setup: ignoring JPA class transformer
2024-12-08T19:57:50.056+03:00  INFO 9864 --- [Task-Manager-Api] [main] com.zaxxer.hikari.HikariDataSource       : HikariPool-1 - Starting...
2024-12-08T19:57:50.284+03:00  INFO 9864 --- [Task-Manager-Api] [main] com.zaxxer.hikari.pool.HikariPool        : HikariPool-1 - Added connection org.postgresql.jdbc.PgConnection@7378c4a4
2024-12-08T19:57:50.285+03:00  INFO 9864 --- [Task-Manager-Api] [main] com.zaxxer.hikari.HikariDataSource       : HikariPool-1 - Start completed.
2024-12-08T19:57:50.346+03:00  WARN 9864 --- [Task-Manager-Api] [main] org.hibernate.orm.deprecation            : HHH90000025: PostgreSQLDialect does not need to be specified explicitly using 'hibernate.dialect' (remove the property setting and it will be selected by default)
2024-12-08T19:57:51.408+03:00  INFO 9864 --- [Task-Manager-Api] [main] o.h.e.t.j.p.i.JtaPlatformInitiator       : HHH000489: No JTA platform available (set 'hibernate.transaction.jta.platform' to enable JTA platform integration)
2024-12-08T19:57:51.851+03:00  WARN 9864 --- [Task-Manager-Api] [main] o.h.engine.jdbc.spi.SqlExceptionHelper   : SQL Warning Code: 0, SQLState: 00000
2024-12-08T19:57:51.851+03:00  WARN 9864 --- [Task-Manager-Api] [main] o.h.engine.jdbc.spi.SqlExceptionHelper   : ограничение "uk1j9d9a06i600gd43uu3km82jw" в таблице "app_user" не существует, пропускается
2024-12-08T19:57:51.909+03:00  INFO 9864 --- [Task-Manager-Api] [main] j.LocalContainerEntityManagerFactoryBean : Initialized JPA EntityManagerFactory for persistence unit 'default'
2024-12-08T19:57:52.333+03:00  INFO 9864 --- [Task-Manager-Api] [main] o.s.d.j.r.query.QueryEnhancerFactory     : Hibernate is in classpath; If applicable, HQL parser will be used.
2024-12-08T19:57:52.814+03:00  INFO 9864 --- [Task-Manager-Api] [main] eAuthenticationProviderManagerConfigurer : Global AuthenticationManager configured with AuthenticationProvider bean with name authenticationProvider
2024-12-08T19:57:52.815+03:00  WARN 9864 --- [Task-Manager-Api] [main] r$InitializeUserDetailsManagerConfigurer : Global AuthenticationManager configured with an AuthenticationProvider bean. UserDetailsService beans will not be used for username/password login. Consider removing the AuthenticationProvider bean. Alternatively, consider using the UserDetailsService in a manually instantiated DaoAuthenticationProvider.
2024-12-08T19:57:53.074+03:00  INFO 9864 --- [Task-Manager-Api] [main] c.e.t.TaskManagementApplication          : CORS конфигурация загружена. Разрешённые origin: [http://localhost:8080, http://frontend_server]
2024-12-08T19:57:53.392+03:00  INFO 9864 --- [Task-Manager-Api] [main] o.s.b.a.e.web.EndpointLinksResolver      : Exposing 1 endpoint beneath base path '/actuator'
2024-12-08T19:57:53.425+03:00  INFO 9864 --- [Task-Manager-Api] [main] c.e.t.config.SecurityConfig              : SecurityFilterChain успешно настроен.
2024-12-08T19:57:53.975+03:00  INFO 9864 --- [Task-Manager-Api] [main] o.s.b.w.embedded.tomcat.TomcatWebServer  : Tomcat started on port 8080 (http) with context path '/'
2024-12-08T19:57:53.987+03:00  INFO 9864 --- [Task-Manager-Api] [main] c.e.t.TaskManagementApplication          : Started TaskManagementApplication in 8.012 seconds (process running for 9.087)
2024-12-08T19:57:53.993+03:00  INFO 9864 --- [Task-Manager-Api] [main] c.e.t.TaskManagementApplication          : API управления задачами запущено
2024-12-08T19:57:54.386+03:00  INFO 9864 --- [Task-Manager-Api] [RMI TCP Connection(2)-26.168.63.232] o.a.c.c.C.[Tomcat].[localhost].[/]       : Initializing Spring DispatcherServlet 'dispatcherServlet'
2024-12-08T19:57:54.387+03:00  INFO 9864 --- [Task-Manager-Api] [RMI TCP Connection(2)-26.168.63.232] o.s.web.servlet.DispatcherServlet        : Initializing Servlet 'dispatcherServlet'
2024-12-08T19:57:54.389+03:00  INFO 9864 --- [Task-Manager-Api] [RMI TCP Connection(2)-26.168.63.232] o.s.web.servlet.DispatcherServlet        : Completed initialization in 2 ms
2024-12-08T19:58:41.806+03:00  INFO 9864 --- [Task-Manager-Api] [http-nio-8080-exec-10] o.springdoc.api.AbstractOpenApiResource  : Init duration for springdoc-openapi is: 331 ms
2024-12-08T19:58:45.084+03:00  INFO 9864 --- [Task-Manager-Api] [http-nio-8080-exec-9] c.e.taskmanagement.service.UserService   : Пользователь string успешно зарегистрирован
2024-12-08T19:59:46.885+03:00  INFO 9864 --- [Task-Manager-Api] [http-nio-8080-exec-4] o.apache.coyote.http11.Http11Processor   : Error parsing HTTP request header
 Note: further occurrences of HTTP request parsing errors will be logged at DEBUG level.

java.lang.IllegalArgumentException: Invalid character found in method name [0x160x030x010x060xe00x010x000x060xdc0x030x030xd9U0x80^30xfb0xba`0x9e0xf90x070x19N0xce0xc20x03&0xb10xad0xb20x0d{@l0xba/0xd70xc7<M0x190x9b ]. HTTP method names must be tokens
	at org.apache.coyote.http11.Http11InputBuffer.parseRequestLine(Http11InputBuffer.java:406) ~[tomcat-embed-core-10.1.31.jar:10.1.31]
	at org.apache.coyote.http11.Http11Processor.service(Http11Processor.java:257) ~[tomcat-embed-core-10.1.31.jar:10.1.31]
	at org.apache.coyote.AbstractProcessorLight.process(AbstractProcessorLight.java:63) ~[tomcat-embed-core-10.1.31.jar:10.1.31]
	at org.apache.coyote.AbstractProtocol$ConnectionHandler.process(AbstractProtocol.java:905) ~[tomcat-embed-core-10.1.31.jar:10.1.31]
	at org.apache.tomcat.util.net.NioEndpoint$SocketProcessor.doRun(NioEndpoint.java:1741) ~[tomcat-embed-core-10.1.31.jar:10.1.31]
	at org.apache.tomcat.util.net.SocketProcessorBase.run(SocketProcessorBase.java:52) ~[tomcat-embed-core-10.1.31.jar:10.1.31]
	at org.apache.tomcat.util.threads.ThreadPoolExecutor.runWorker(ThreadPoolExecutor.java:1190) ~[tomcat-embed-core-10.1.31.jar:10.1.31]
	at org.apache.tomcat.util.threads.ThreadPoolExecutor$Worker.run(ThreadPoolExecutor.java:659) ~[tomcat-embed-core-10.1.31.jar:10.1.31]
	at org.apache.tomcat.util.threads.TaskThread$WrappingRunnable.run(TaskThread.java:63) ~[tomcat-embed-core-10.1.31.jar:10.1.31]
	at java.base/java.lang.Thread.run(Thread.java:1570) ~[na:na]

2024-12-08T20:19:18.752+03:00  INFO 9864 --- [Task-Manager-Api] [SpringApplicationShutdownHook] j.LocalContainerEntityManagerFactoryBean : Closing JPA EntityManagerFactory for persistence unit 'default'
2024-12-08T20:19:18.756+03:00  INFO 9864 --- [Task-Manager-Api] [SpringApplicationShutdownHook] com.zaxxer.hikari.HikariDataSource       : HikariPool-1 - Shutdown initiated...
2024-12-08T20:19:18.790+03:00  INFO 9864 --- [Task-Manager-Api] [SpringApplicationShutdownHook] com.zaxxer.hikari.HikariDataSource       : HikariPool-1 - Shutdown completed.
2024-12-08T20:36:46.742+03:00  INFO 11428 --- [Task-Manager-Api] [main] c.e.t.TaskManagementApplication          : Starting TaskManagementApplication using Java 22.0.1 with PID 11428 (C:\Users\User\IdeaProjects\taski\target\classes started by User in C:\Users\User\IdeaProjects\taski)
2024-12-08T20:36:46.744+03:00  INFO 11428 --- [Task-Manager-Api] [main] c.e.t.TaskManagementApplication          : No active profile set, falling back to 1 default profile: "default"
2024-12-08T20:36:48.682+03:00  INFO 11428 --- [Task-Manager-Api] [main] .s.d.r.c.RepositoryConfigurationDelegate : Bootstrapping Spring Data JPA repositories in DEFAULT mode.
2024-12-08T20:36:48.755+03:00  INFO 11428 --- [Task-Manager-Api] [main] .s.d.r.c.RepositoryConfigurationDelegate : Finished Spring Data repository scanning in 64 ms. Found 3 JPA repository interfaces.
2024-12-08T20:36:49.640+03:00  INFO 11428 --- [Task-Manager-Api] [main] o.s.b.w.embedded.tomcat.TomcatWebServer  : Tomcat initialized with port 8080 (http)
2024-12-08T20:36:49.658+03:00  INFO 11428 --- [Task-Manager-Api] [main] o.apache.catalina.core.StandardService   : Starting service [Tomcat]
2024-12-08T20:36:49.658+03:00  INFO 11428 --- [Task-Manager-Api] [main] o.apache.catalina.core.StandardEngine    : Starting Servlet engine: [Apache Tomcat/10.1.31]
2024-12-08T20:36:49.730+03:00  INFO 11428 --- [Task-Manager-Api] [main] o.a.c.c.C.[Tomcat].[localhost].[/]       : Initializing Spring embedded WebApplicationContext
2024-12-08T20:36:49.730+03:00  INFO 11428 --- [Task-Manager-Api] [main] w.s.c.ServletWebServerApplicationContext : Root WebApplicationContext: initialization completed in 2886 ms
2024-12-08T20:36:50.236+03:00  INFO 11428 --- [Task-Manager-Api] [main] o.hibernate.jpa.internal.util.LogHelper  : HHH000204: Processing PersistenceUnitInfo [name: default]
2024-12-08T20:36:50.346+03:00  INFO 11428 --- [Task-Manager-Api] [main] org.hibernate.Version                    : HHH000412: Hibernate ORM core version 6.5.3.Final
2024-12-08T20:36:50.396+03:00  INFO 11428 --- [Task-Manager-Api] [main] o.h.c.internal.RegionFactoryInitiator    : HHH000026: Second-level cache disabled
2024-12-08T20:36:50.809+03:00  INFO 11428 --- [Task-Manager-Api] [main] o.s.o.j.p.SpringPersistenceUnitInfo      : No LoadTimeWeaver setup: ignoring JPA class transformer
2024-12-08T20:36:50.850+03:00  INFO 11428 --- [Task-Manager-Api] [main] com.zaxxer.hikari.HikariDataSource       : HikariPool-1 - Starting...
2024-12-08T20:36:51.413+03:00  INFO 11428 --- [Task-Manager-Api] [main] com.zaxxer.hikari.pool.HikariPool        : HikariPool-1 - Added connection org.postgresql.jdbc.PgConnection@675230cd
2024-12-08T20:36:51.414+03:00  INFO 11428 --- [Task-Manager-Api] [main] com.zaxxer.hikari.HikariDataSource       : HikariPool-1 - Start completed.
2024-12-08T20:36:51.735+03:00  WARN 11428 --- [Task-Manager-Api] [main] org.hibernate.orm.deprecation            : HHH90000025: PostgreSQLDialect does not need to be specified explicitly using 'hibernate.dialect' (remove the property setting and it will be selected by default)
2024-12-08T20:36:53.051+03:00  INFO 11428 --- [Task-Manager-Api] [main] o.h.e.t.j.p.i.JtaPlatformInitiator       : HHH000489: No JTA platform available (set 'hibernate.transaction.jta.platform' to enable JTA platform integration)
2024-12-08T20:36:54.153+03:00  INFO 11428 --- [Task-Manager-Api] [main] j.LocalContainerEntityManagerFactoryBean : Initialized JPA EntityManagerFactory for persistence unit 'default'
2024-12-08T20:36:54.703+03:00  INFO 11428 --- [Task-Manager-Api] [main] o.s.d.j.r.query.QueryEnhancerFactory     : Hibernate is in classpath; If applicable, HQL parser will be used.
2024-12-08T20:36:55.146+03:00  INFO 11428 --- [Task-Manager-Api] [main] eAuthenticationProviderManagerConfigurer : Global AuthenticationManager configured with AuthenticationProvider bean with name authenticationProvider
2024-12-08T20:36:55.147+03:00  WARN 11428 --- [Task-Manager-Api] [main] r$InitializeUserDetailsManagerConfigurer : Global AuthenticationManager configured with an AuthenticationProvider bean. UserDetailsService beans will not be used for username/password login. Consider removing the AuthenticationProvider bean. Alternatively, consider using the UserDetailsService in a manually instantiated DaoAuthenticationProvider.
2024-12-08T20:36:55.491+03:00  INFO 11428 --- [Task-Manager-Api] [main] c.e.t.TaskManagementApplication          : CORS конфигурация загружена. Разрешённые origin: [http://localhost:8080, http://frontend_server]
2024-12-08T20:36:55.883+03:00  INFO 11428 --- [Task-Manager-Api] [main] o.s.b.a.e.web.EndpointLinksResolver      : Exposing 1 endpoint beneath base path '/actuator'
2024-12-08T20:36:55.919+03:00  INFO 11428 --- [Task-Manager-Api] [main] c.e.t.config.SecurityConfig              : SecurityFilterChain успешно настроен.
2024-12-08T20:36:56.504+03:00  INFO 11428 --- [Task-Manager-Api] [main] o.s.b.w.embedded.tomcat.TomcatWebServer  : Tomcat started on port 8080 (http) with context path '/'
2024-12-08T20:36:56.516+03:00  INFO 11428 --- [Task-Manager-Api] [main] c.e.t.TaskManagementApplication          : Started TaskManagementApplication in 10.286 seconds (process running for 11.067)
2024-12-08T20:36:56.522+03:00  INFO 11428 --- [Task-Manager-Api] [main] c.e.t.TaskManagementApplication          : API управления задачами запущено
2024-12-08T20:36:57.011+03:00  INFO 11428 --- [Task-Manager-Api] [RMI TCP Connection(1)-26.168.63.232] o.a.c.c.C.[Tomcat].[localhost].[/]       : Initializing Spring DispatcherServlet 'dispatcherServlet'
2024-12-08T20:36:57.012+03:00  INFO 11428 --- [Task-Manager-Api] [RMI TCP Connection(1)-26.168.63.232] o.s.web.servlet.DispatcherServlet        : Initializing Servlet 'dispatcherServlet'
2024-12-08T20:36:57.013+03:00  INFO 11428 --- [Task-Manager-Api] [RMI TCP Connection(1)-26.168.63.232] o.s.web.servlet.DispatcherServlet        : Completed initialization in 1 ms
2024-12-08T20:40:44.142+03:00  INFO 11428 --- [Task-Manager-Api] [http-nio-8080-exec-9] o.springdoc.api.AbstractOpenApiResource  : Init duration for springdoc-openapi is: 330 ms
2024-12-08T20:41:13.322+03:00  INFO 11428 --- [Task-Manager-Api] [SpringApplicationShutdownHook] j.LocalContainerEntityManagerFactoryBean : Closing JPA EntityManagerFactory for persistence unit 'default'
2024-12-08T20:41:13.325+03:00  INFO 11428 --- [Task-Manager-Api] [SpringApplicationShutdownHook] com.zaxxer.hikari.HikariDataSource       : HikariPool-1 - Shutdown initiated...
2024-12-08T20:41:13.335+03:00  INFO 11428 --- [Task-Manager-Api] [SpringApplicationShutdownHook] com.zaxxer.hikari.HikariDataSource       : HikariPool-1 - Shutdown completed.
2024-12-08T20:41:55.595+03:00  INFO 20668 --- [Task-Manager-Api] [main] c.e.t.TaskManagementApplication          : Starting TaskManagementApplication using Java 22.0.1 with PID 20668 (C:\Users\User\IdeaProjects\taski\target\classes started by User in C:\Users\User\IdeaProjects\taski)
2024-12-08T20:41:55.597+03:00  INFO 20668 --- [Task-Manager-Api] [main] c.e.t.TaskManagementApplication          : No active profile set, falling back to 1 default profile: "default"
2024-12-08T20:41:56.423+03:00  INFO 20668 --- [Task-Manager-Api] [main] .s.d.r.c.RepositoryConfigurationDelegate : Bootstrapping Spring Data JPA repositories in DEFAULT mode.
2024-12-08T20:41:56.470+03:00  INFO 20668 --- [Task-Manager-Api] [main] .s.d.r.c.RepositoryConfigurationDelegate : Finished Spring Data repository scanning in 42 ms. Found 3 JPA repository interfaces.
2024-12-08T20:41:57.021+03:00  INFO 20668 --- [Task-Manager-Api] [main] o.s.b.w.embedded.tomcat.TomcatWebServer  : Tomcat initialized with port 8080 (http)
2024-12-08T20:41:57.031+03:00  INFO 20668 --- [Task-Manager-Api] [main] o.apache.catalina.core.StandardService   : Starting service [Tomcat]
2024-12-08T20:41:57.032+03:00  INFO 20668 --- [Task-Manager-Api] [main] o.apache.catalina.core.StandardEngine    : Starting Servlet engine: [Apache Tomcat/10.1.31]
2024-12-08T20:41:57.082+03:00  INFO 20668 --- [Task-Manager-Api] [main] o.a.c.c.C.[Tomcat].[localhost].[/]       : Initializing Spring embedded WebApplicationContext
2024-12-08T20:41:57.083+03:00  INFO 20668 --- [Task-Manager-Api] [main] w.s.c.ServletWebServerApplicationContext : Root WebApplicationContext: initialization completed in 1439 ms
2024-12-08T20:41:57.321+03:00  INFO 20668 --- [Task-Manager-Api] [main] o.hibernate.jpa.internal.util.LogHelper  : HHH000204: Processing PersistenceUnitInfo [name: default]
2024-12-08T20:41:57.368+03:00  INFO 20668 --- [Task-Manager-Api] [main] org.hibernate.Version                    : HHH000412: Hibernate ORM core version 6.5.3.Final
2024-12-08T20:41:57.397+03:00  INFO 20668 --- [Task-Manager-Api] [main] o.h.c.internal.RegionFactoryInitiator    : HHH000026: Second-level cache disabled
2024-12-08T20:41:57.672+03:00  INFO 20668 --- [Task-Manager-Api] [main] o.s.o.j.p.SpringPersistenceUnitInfo      : No LoadTimeWeaver setup: ignoring JPA class transformer
2024-12-08T20:41:57.695+03:00  INFO 20668 --- [Task-Manager-Api] [main] com.zaxxer.hikari.HikariDataSource       : HikariPool-1 - Starting...
2024-12-08T20:41:57.839+03:00  INFO 20668 --- [Task-Manager-Api] [main] com.zaxxer.hikari.pool.HikariPool        : HikariPool-1 - Added connection org.postgresql.jdbc.PgConnection@336070ab
2024-12-08T20:41:57.840+03:00  INFO 20668 --- [Task-Manager-Api] [main] com.zaxxer.hikari.HikariDataSource       : HikariPool-1 - Start completed.
2024-12-08T20:41:57.868+03:00  WARN 20668 --- [Task-Manager-Api] [main] org.hibernate.orm.deprecation            : HHH90000025: PostgreSQLDialect does not need to be specified explicitly using 'hibernate.dialect' (remove the property setting and it will be selected by default)
2024-12-08T20:41:58.709+03:00  INFO 20668 --- [Task-Manager-Api] [main] o.h.e.t.j.p.i.JtaPlatformInitiator       : HHH000489: No JTA platform available (set 'hibernate.transaction.jta.platform' to enable JTA platform integration)
2024-12-08T20:41:58.790+03:00  INFO 20668 --- [Task-Manager-Api] [main] j.LocalContainerEntityManagerFactoryBean : Initialized JPA EntityManagerFactory for persistence unit 'default'
2024-12-08T20:41:59.102+03:00  INFO 20668 --- [Task-Manager-Api] [main] o.s.d.j.r.query.QueryEnhancerFactory     : Hibernate is in classpath; If applicable, HQL parser will be used.
2024-12-08T20:41:59.481+03:00  INFO 20668 --- [Task-Manager-Api] [main] eAuthenticationProviderManagerConfigurer : Global AuthenticationManager configured with AuthenticationProvider bean with name authenticationProvider
2024-12-08T20:41:59.482+03:00  WARN 20668 --- [Task-Manager-Api] [main] r$InitializeUserDetailsManagerConfigurer : Global AuthenticationManager configured with an AuthenticationProvider bean. UserDetailsService beans will not be used for username/password login. Consider removing the AuthenticationProvider bean. Alternatively, consider using the UserDetailsService in a manually instantiated DaoAuthenticationProvider.
2024-12-08T20:41:59.675+03:00  INFO 20668 --- [Task-Manager-Api] [main] c.e.t.TaskManagementApplication          : CORS конфигурация загружена. Разрешённые origin: [http://localhost:8080, http://frontend_server]
2024-12-08T20:41:59.972+03:00  INFO 20668 --- [Task-Manager-Api] [main] o.s.b.a.e.web.EndpointLinksResolver      : Exposing 1 endpoint beneath base path '/actuator'
2024-12-08T20:42:00.002+03:00  INFO 20668 --- [Task-Manager-Api] [main] c.e.t.config.SecurityConfig              : SecurityFilterChain успешно настроен.
2024-12-08T20:42:00.476+03:00  INFO 20668 --- [Task-Manager-Api] [main] o.s.b.w.embedded.tomcat.TomcatWebServer  : Tomcat started on port 8080 (http) with context path '/'
2024-12-08T20:42:00.488+03:00  INFO 20668 --- [Task-Manager-Api] [main] c.e.t.TaskManagementApplication          : Started TaskManagementApplication in 5.263 seconds (process running for 5.837)
2024-12-08T20:42:00.493+03:00  INFO 20668 --- [Task-Manager-Api] [main] c.e.t.TaskManagementApplication          : API управления задачами запущено
2024-12-08T20:42:00.950+03:00  INFO 20668 --- [Task-Manager-Api] [RMI TCP Connection(2)-26.168.63.232] o.a.c.c.C.[Tomcat].[localhost].[/]       : Initializing Spring DispatcherServlet 'dispatcherServlet'
2024-12-08T20:42:00.950+03:00  INFO 20668 --- [Task-Manager-Api] [RMI TCP Connection(2)-26.168.63.232] o.s.web.servlet.DispatcherServlet        : Initializing Servlet 'dispatcherServlet'
2024-12-08T20:42:00.952+03:00  INFO 20668 --- [Task-Manager-Api] [RMI TCP Connection(2)-26.168.63.232] o.s.web.servlet.DispatcherServlet        : Completed initialization in 1 ms
2024-12-08T20:42:12.033+03:00  INFO 20668 --- [Task-Manager-Api] [http-nio-8080-exec-1] c.e.t.security.JwtTokenProvider          : Сгенерирован JWT токен для пользователя string
2024-12-08T20:42:12.033+03:00  INFO 20668 --- [Task-Manager-Api] [http-nio-8080-exec-1] c.e.taskmanagement.service.UserService   : Пользователь string успешно аутентифицирован
2024-12-08T20:45:16.068+03:00  INFO 20668 --- [Task-Manager-Api] [SpringApplicationShutdownHook] j.LocalContainerEntityManagerFactoryBean : Closing JPA EntityManagerFactory for persistence unit 'default'
2024-12-08T20:45:16.070+03:00  INFO 20668 --- [Task-Manager-Api] [SpringApplicationShutdownHook] com.zaxxer.hikari.HikariDataSource       : HikariPool-1 - Shutdown initiated...
2024-12-08T20:45:16.079+03:00  INFO 20668 --- [Task-Manager-Api] [SpringApplicationShutdownHook] com.zaxxer.hikari.HikariDataSource       : HikariPool-1 - Shutdown completed.
2024-12-08T20:45:47.884+03:00  INFO 14528 --- [Task-Manager-Api] [main] c.e.t.TaskManagementApplication          : Starting TaskManagementApplication using Java 22.0.1 with PID 14528 (C:\Users\User\IdeaProjects\taski\target\classes started by User in C:\Users\User\IdeaProjects\taski)
2024-12-08T20:45:47.887+03:00  INFO 14528 --- [Task-Manager-Api] [main] c.e.t.TaskManagementApplication          : No active profile set, falling back to 1 default profile: "default"
2024-12-08T20:45:48.974+03:00  INFO 14528 --- [Task-Manager-Api] [main] .s.d.r.c.RepositoryConfigurationDelegate : Bootstrapping Spring Data JPA repositories in DEFAULT mode.
2024-12-08T20:45:49.027+03:00  INFO 14528 --- [Task-Manager-Api] [main] .s.d.r.c.RepositoryConfigurationDelegate : Finished Spring Data repository scanning in 47 ms. Found 3 JPA repository interfaces.
2024-12-08T20:45:49.671+03:00  INFO 14528 --- [Task-Manager-Api] [main] o.s.b.w.embedded.tomcat.TomcatWebServer  : Tomcat initialized with port 8080 (http)
2024-12-08T20:45:49.682+03:00  INFO 14528 --- [Task-Manager-Api] [main] o.apache.catalina.core.StandardService   : Starting service [Tomcat]
2024-12-08T20:45:49.682+03:00  INFO 14528 --- [Task-Manager-Api] [main] o.apache.catalina.core.StandardEngine    : Starting Servlet engine: [Apache Tomcat/10.1.31]
2024-12-08T20:45:49.753+03:00  INFO 14528 --- [Task-Manager-Api] [main] o.a.c.c.C.[Tomcat].[localhost].[/]       : Initializing Spring embedded WebApplicationContext
2024-12-08T20:45:49.753+03:00  INFO 14528 --- [Task-Manager-Api] [main] w.s.c.ServletWebServerApplicationContext : Root WebApplicationContext: initialization completed in 1808 ms
2024-12-08T20:45:50.033+03:00  INFO 14528 --- [Task-Manager-Api] [main] o.hibernate.jpa.internal.util.LogHelper  : HHH000204: Processing PersistenceUnitInfo [name: default]
2024-12-08T20:45:50.084+03:00  INFO 14528 --- [Task-Manager-Api] [main] org.hibernate.Version                    : HHH000412: Hibernate ORM core version 6.5.3.Final
2024-12-08T20:45:50.114+03:00  INFO 14528 --- [Task-Manager-Api] [main] o.h.c.internal.RegionFactoryInitiator    : HHH000026: Second-level cache disabled
2024-12-08T20:45:50.391+03:00  INFO 14528 --- [Task-Manager-Api] [main] o.s.o.j.p.SpringPersistenceUnitInfo      : No LoadTimeWeaver setup: ignoring JPA class transformer
2024-12-08T20:45:50.415+03:00  INFO 14528 --- [Task-Manager-Api] [main] com.zaxxer.hikari.HikariDataSource       : HikariPool-1 - Starting...
2024-12-08T20:45:50.569+03:00  INFO 14528 --- [Task-Manager-Api] [main] com.zaxxer.hikari.pool.HikariPool        : HikariPool-1 - Added connection org.postgresql.jdbc.PgConnection@1b994617
2024-12-08T20:45:50.570+03:00  INFO 14528 --- [Task-Manager-Api] [main] com.zaxxer.hikari.HikariDataSource       : HikariPool-1 - Start completed.
2024-12-08T20:45:50.605+03:00  WARN 14528 --- [Task-Manager-Api] [main] org.hibernate.orm.deprecation            : HHH90000025: PostgreSQLDialect does not need to be specified explicitly using 'hibernate.dialect' (remove the property setting and it will be selected by default)
2024-12-08T20:45:51.669+03:00  INFO 14528 --- [Task-Manager-Api] [main] o.h.e.t.j.p.i.JtaPlatformInitiator       : HHH000489: No JTA platform available (set 'hibernate.transaction.jta.platform' to enable JTA platform integration)
2024-12-08T20:45:51.765+03:00  INFO 14528 --- [Task-Manager-Api] [main] j.LocalContainerEntityManagerFactoryBean : Initialized JPA EntityManagerFactory for persistence unit 'default'
2024-12-08T20:45:52.248+03:00  INFO 14528 --- [Task-Manager-Api] [main] o.s.d.j.r.query.QueryEnhancerFactory     : Hibernate is in classpath; If applicable, HQL parser will be used.
2024-12-08T20:45:52.692+03:00  INFO 14528 --- [Task-Manager-Api] [main] eAuthenticationProviderManagerConfigurer : Global AuthenticationManager configured with AuthenticationProvider bean with name authenticationProvider
2024-12-08T20:45:52.694+03:00  WARN 14528 --- [Task-Manager-Api] [main] r$InitializeUserDetailsManagerConfigurer : Global AuthenticationManager configured with an AuthenticationProvider bean. UserDetailsService beans will not be used for username/password login. Consider removing the AuthenticationProvider bean. Alternatively, consider using the UserDetailsService in a manually instantiated DaoAuthenticationProvider.
2024-12-08T20:45:52.931+03:00  INFO 14528 --- [Task-Manager-Api] [main] c.e.t.TaskManagementApplication          : CORS конфигурация загружена. Разрешённые origin: [http://localhost:8080, http://frontend_server]
2024-12-08T20:45:53.289+03:00  INFO 14528 --- [Task-Manager-Api] [main] o.s.b.a.e.web.EndpointLinksResolver      : Exposing 1 endpoint beneath base path '/actuator'
2024-12-08T20:45:53.323+03:00  INFO 14528 --- [Task-Manager-Api] [main] c.e.t.config.SecurityConfig              : SecurityFilterChain успешно настроен.
2024-12-08T20:45:53.989+03:00  INFO 14528 --- [Task-Manager-Api] [main] o.s.b.w.embedded.tomcat.TomcatWebServer  : Tomcat started on port 8080 (http) with context path '/'
2024-12-08T20:45:54.001+03:00  INFO 14528 --- [Task-Manager-Api] [main] c.e.t.TaskManagementApplication          : Started TaskManagementApplication in 6.627 seconds (process running for 7.489)
2024-12-08T20:45:54.008+03:00  INFO 14528 --- [Task-Manager-Api] [main] c.e.t.TaskManagementApplication          : API управления задачами запущено
2024-12-08T20:45:54.610+03:00  INFO 14528 --- [Task-Manager-Api] [RMI TCP Connection(3)-26.168.63.232] o.a.c.c.C.[Tomcat].[localhost].[/]       : Initializing Spring DispatcherServlet 'dispatcherServlet'
2024-12-08T20:45:54.616+03:00  INFO 14528 --- [Task-Manager-Api] [RMI TCP Connection(3)-26.168.63.232] o.s.web.servlet.DispatcherServlet        : Initializing Servlet 'dispatcherServlet'
2024-12-08T20:45:54.621+03:00  INFO 14528 --- [Task-Manager-Api] [RMI TCP Connection(3)-26.168.63.232] o.s.web.servlet.DispatcherServlet        : Completed initialization in 4 ms
2024-12-08T20:45:57.141+03:00  INFO 14528 --- [Task-Manager-Api] [http-nio-8080-exec-1] c.e.t.security.JwtTokenProvider          : Сгенерирован JWT токен для пользователя string
2024-12-08T20:45:57.141+03:00  INFO 14528 --- [Task-Manager-Api] [http-nio-8080-exec-1] c.e.taskmanagement.service.UserService   : Пользователь string успешно аутентифицирован
2024-12-08T20:46:06.926+03:00  INFO 14528 --- [Task-Manager-Api] [http-nio-8080-exec-1] o.springdoc.api.AbstractOpenApiResource  : Init duration for springdoc-openapi is: 414 ms
2024-12-08T20:46:11.457+03:00  INFO 14528 --- [Task-Manager-Api] [SpringApplicationShutdownHook] j.LocalContainerEntityManagerFactoryBean : Closing JPA EntityManagerFactory for persistence unit 'default'
2024-12-08T20:46:11.459+03:00  INFO 14528 --- [Task-Manager-Api] [SpringApplicationShutdownHook] com.zaxxer.hikari.HikariDataSource       : HikariPool-1 - Shutdown initiated...
2024-12-08T20:46:11.466+03:00  INFO 14528 --- [Task-Manager-Api] [SpringApplicationShutdownHook] com.zaxxer.hikari.HikariDataSource       : HikariPool-1 - Shutdown completed.
2024-12-08T20:57:02.985+03:00  INFO 18468 --- [Task-Manager-Api] [main] c.e.t.TaskManagementApplication          : Starting TaskManagementApplication using Java 22.0.1 with PID 18468 (C:\Users\User\IdeaProjects\taski\target\classes started by User in C:\Users\User\IdeaProjects\taski)
2024-12-08T20:57:02.987+03:00  INFO 18468 --- [Task-Manager-Api] [main] c.e.t.TaskManagementApplication          : No active profile set, falling back to 1 default profile: "default"
2024-12-08T20:57:03.823+03:00  INFO 18468 --- [Task-Manager-Api] [main] .s.d.r.c.RepositoryConfigurationDelegate : Bootstrapping Spring Data JPA repositories in DEFAULT mode.
2024-12-08T20:57:03.869+03:00  INFO 18468 --- [Task-Manager-Api] [main] .s.d.r.c.RepositoryConfigurationDelegate : Finished Spring Data repository scanning in 41 ms. Found 3 JPA repository interfaces.
2024-12-08T20:57:04.467+03:00  INFO 18468 --- [Task-Manager-Api] [main] o.s.b.w.embedded.tomcat.TomcatWebServer  : Tomcat initialized with port 8080 (http)
2024-12-08T20:57:04.478+03:00  INFO 18468 --- [Task-Manager-Api] [main] o.apache.catalina.core.StandardService   : Starting service [Tomcat]
2024-12-08T20:57:04.478+03:00  INFO 18468 --- [Task-Manager-Api] [main] o.apache.catalina.core.StandardEngine    : Starting Servlet engine: [Apache Tomcat/10.1.31]
2024-12-08T20:57:04.530+03:00  INFO 18468 --- [Task-Manager-Api] [main] o.a.c.c.C.[Tomcat].[localhost].[/]       : Initializing Spring embedded WebApplicationContext
2024-12-08T20:57:04.530+03:00  INFO 18468 --- [Task-Manager-Api] [main] w.s.c.ServletWebServerApplicationContext : Root WebApplicationContext: initialization completed in 1497 ms
2024-12-08T20:57:04.648+03:00 ERROR 18468 --- [Task-Manager-Api] [main] o.s.b.web.embedded.tomcat.TomcatStarter  : Error starting Tomcat context. Exception: org.springframework.beans.factory.UnsatisfiedDependencyException. Message: Error creating bean with name 'securityConfig' defined in file [C:\Users\User\IdeaProjects\taski\target\classes\com\example\taskmanagement\config\SecurityConfig.class]: Unsatisfied dependency expressed through constructor parameter 0: Error creating bean with name 'jwtTokenProvider': Injection of autowired dependencies failed
2024-12-08T20:57:04.669+03:00  INFO 18468 --- [Task-Manager-Api] [main] o.apache.catalina.core.StandardService   : Stopping service [Tomcat]
2024-12-08T20:57:04.676+03:00  WARN 18468 --- [Task-Manager-Api] [main] ConfigServletWebServerApplicationContext : Exception encountered during context initialization - cancelling refresh attempt: org.springframework.context.ApplicationContextException: Unable to start web server
2024-12-08T20:57:04.688+03:00  INFO 18468 --- [Task-Manager-Api] [main] .s.b.a.l.ConditionEvaluationReportLogger : 

Error starting ApplicationContext. To display the condition evaluation report re-run your application with 'debug' enabled.
2024-12-08T20:57:04.703+03:00 ERROR 18468 --- [Task-Manager-Api] [main] o.s.boot.SpringApplication               : Application run failed

org.springframework.context.ApplicationContextException: Unable to start web server
	at org.springframework.boot.web.servlet.context.ServletWebServerApplicationContext.onRefresh(ServletWebServerApplicationContext.java:165) ~[spring-boot-3.3.5.jar:3.3.5]
	at org.springframework.context.support.AbstractApplicationContext.refresh(AbstractApplicationContext.java:619) ~[spring-context-6.1.14.jar:6.1.14]
	at org.springframework.boot.web.servlet.context.ServletWebServerApplicationContext.refresh(ServletWebServerApplicationContext.java:146) ~[spring-boot-3.3.5.jar:3.3.5]
	at org.springframework.boot.SpringApplication.refresh(SpringApplication.java:754) ~[spring-boot-3.3.5.jar:3.3.5]
	at org.springframework.boot.SpringApplication.refreshContext(SpringApplication.java:456) ~[spring-boot-3.3.5.jar:3.3.5]
	at org.springframework.boot.SpringApplication.run(SpringApplication.java:335) ~[spring-boot-3.3.5.jar:3.3.5]
	at org.springframework.boot.SpringApplication.run(SpringApplication.java:1363) ~[spring-boot-3.3.5.jar:3.3.5]
	at org.springframework.boot.SpringApplication.run(SpringApplication.java:1352) ~[spring-boot-3.3.5.jar:3.3.5]
	at com.example.taskmanagement.TaskManagementApplication.main(TaskManagementApplication.java:46) ~[classes/:na]
Caused by: org.springframework.boot.web.server.WebServerException: Unable to start embedded Tomcat
	at org.springframework.boot.web.embedded.tomcat.TomcatWebServer.initialize(TomcatWebServer.java:147) ~[spring-boot-3.3.5.jar:3.3.5]
	at org.springframework.boot.web.embedded.tomcat.TomcatWebServer.<init>(TomcatWebServer.java:107) ~[spring-boot-3.3.5.jar:3.3.5]
	at org.springframework.boot.web.embedded.tomcat.TomcatServletWebServerFactory.getTomcatWebServer(TomcatServletWebServerFactory.java:516) ~[spring-boot-3.3.5.jar:3.3.5]
	at org.springframework.boot.web.embedded.tomcat.TomcatServletWebServerFactory.getWebServer(TomcatServletWebServerFactory.java:222) ~[spring-boot-3.3.5.jar:3.3.5]
	at org.springframework.boot.web.servlet.context.ServletWebServerApplicationContext.createWebServer(ServletWebServerApplicationContext.java:188) ~[spring-boot-3.3.5.jar:3.3.5]
	at org.springframework.boot.web.servlet.context.ServletWebServerApplicationContext.onRefresh(ServletWebServerApplicationContext.java:162) ~[spring-boot-3.3.5.jar:3.3.5]
	... 8 common frames omitted
Caused by: org.springframework.beans.factory.UnsatisfiedDependencyException: Error creating bean with name 'securityConfig' defined in file [C:\Users\User\IdeaProjects\taski\target\classes\com\example\taskmanagement\config\SecurityConfig.class]: Unsatisfied dependency expressed through constructor parameter 0: Error creating bean with name 'jwtTokenProvider': Injection of autowired dependencies failed
	at org.springframework.beans.factory.support.ConstructorResolver.createArgumentArray(ConstructorResolver.java:795) ~[spring-beans-6.1.14.jar:6.1.14]
	at org.springframework.beans.factory.support.ConstructorResolver.autowireConstructor(ConstructorResolver.java:237) ~[spring-beans-6.1.14.jar:6.1.14]
	at org.springframework.beans.factory.support.AbstractAutowireCapableBeanFactory.autowireConstructor(AbstractAutowireCapableBeanFactory.java:1375) ~[spring-beans-6.1.14.jar:6.1.14]
	at org.springframework.beans.factory.support.AbstractAutowireCapableBeanFactory.createBeanInstance(AbstractAutowireCapableBeanFactory.java:1212) ~[spring-beans-6.1.14.jar:6.1.14]
	at org.springframework.beans.factory.support.AbstractAutowireCapableBeanFactory.doCreateBean(AbstractAutowireCapableBeanFactory.java:562) ~[spring-beans-6.1.14.jar:6.1.14]
	at org.springframework.beans.factory.support.AbstractAutowireCapableBeanFactory.createBean(AbstractAutowireCapableBeanFactory.java:522) ~[spring-beans-6.1.14.jar:6.1.14]
	at org.springframework.beans.factory.support.AbstractBeanFactory.lambda$doGetBean$0(AbstractBeanFactory.java:337) ~[spring-beans-6.1.14.jar:6.1.14]
	at org.springframework.beans.factory.support.DefaultSingletonBeanRegistry.getSingleton(DefaultSingletonBeanRegistry.java:234) ~[spring-beans-6.1.14.jar:6.1.14]
	at org.springframework.beans.factory.support.AbstractBeanFactory.doGetBean(AbstractBeanFactory.java:335) ~[spring-beans-6.1.14.jar:6.1.14]
	at org.springframework.beans.factory.support.AbstractBeanFactory.getBean(AbstractBeanFactory.java:200) ~[spring-beans-6.1.14.jar:6.1.14]
	at org.springframework.beans.factory.support.ConstructorResolver.instantiateUsingFactoryMethod(ConstructorResolver.java:409) ~[spring-beans-6.1.14.jar:6.1.14]
	at org.springframework.beans.factory.support.AbstractAutowireCapableBeanFactory.instantiateUsingFactoryMethod(AbstractAutowireCapableBeanFactory.java:1355) ~[spring-beans-6.1.14.jar:6.1.14]
	at org.springframework.beans.factory.support.AbstractAutowireCapableBeanFactory.createBeanInstance(AbstractAutowireCapableBeanFactory.java:1185) ~[spring-beans-6.1.14.jar:6.1.14]
	at org.springframework.beans.factory.support.AbstractAutowireCapableBeanFactory.doCreateBean(AbstractAutowireCapableBeanFactory.java:562) ~[spring-beans-6.1.14.jar:6.1.14]
	at org.springframework.beans.factory.support.AbstractAutowireCapableBeanFactory.createBean(AbstractAutowireCapableBeanFactory.java:522) ~[spring-beans-6.1.14.jar:6.1.14]
	at org.springframework.beans.factory.support.AbstractBeanFactory.lambda$doGetBean$0(AbstractBeanFactory.java:337) ~[spring-beans-6.1.14.jar:6.1.14]
	at org.springframework.beans.factory.support.DefaultSingletonBeanRegistry.getSingleton(DefaultSingletonBeanRegistry.java:234) ~[spring-beans-6.1.14.jar:6.1.14]
	at org.springframework.beans.factory.support.AbstractBeanFactory.doGetBean(AbstractBeanFactory.java:335) ~[spring-beans-6.1.14.jar:6.1.14]
	at org.springframework.beans.factory.support.AbstractBeanFactory.getBean(AbstractBeanFactory.java:205) ~[spring-beans-6.1.14.jar:6.1.14]
	at org.springframework.boot.web.servlet.ServletContextInitializerBeans.getOrderedBeansOfType(ServletContextInitializerBeans.java:211) ~[spring-boot-3.3.5.jar:3.3.5]
	at org.springframework.boot.web.servlet.ServletContextInitializerBeans.addAsRegistrationBean(ServletContextInitializerBeans.java:174) ~[spring-boot-3.3.5.jar:3.3.5]
	at org.springframework.boot.web.servlet.ServletContextInitializerBeans.addAsRegistrationBean(ServletContextInitializerBeans.java:169) ~[spring-boot-3.3.5.jar:3.3.5]
	at org.springframework.boot.web.servlet.ServletContextInitializerBeans.addAdaptableBeans(ServletContextInitializerBeans.java:154) ~[spring-boot-3.3.5.jar:3.3.5]
	at org.springframework.boot.web.servlet.ServletContextInitializerBeans.<init>(ServletContextInitializerBeans.java:87) ~[spring-boot-3.3.5.jar:3.3.5]
	at org.springframework.boot.web.servlet.context.ServletWebServerApplicationContext.getServletContextInitializerBeans(ServletWebServerApplicationContext.java:266) ~[spring-boot-3.3.5.jar:3.3.5]
	at org.springframework.boot.web.servlet.context.ServletWebServerApplicationContext.selfInitialize(ServletWebServerApplicationContext.java:240) ~[spring-boot-3.3.5.jar:3.3.5]
	at org.springframework.boot.web.embedded.tomcat.TomcatStarter.onStartup(TomcatStarter.java:52) ~[spring-boot-3.3.5.jar:3.3.5]
	at org.apache.catalina.core.StandardContext.startInternal(StandardContext.java:4412) ~[tomcat-embed-core-10.1.31.jar:10.1.31]
	at org.apache.catalina.util.LifecycleBase.start(LifecycleBase.java:164) ~[tomcat-embed-core-10.1.31.jar:10.1.31]
	at org.apache.catalina.core.ContainerBase$StartChild.call(ContainerBase.java:1203) ~[tomcat-embed-core-10.1.31.jar:10.1.31]
	at org.apache.catalina.core.ContainerBase$StartChild.call(ContainerBase.java:1193) ~[tomcat-embed-core-10.1.31.jar:10.1.31]
	at java.base/java.util.concurrent.FutureTask.run(FutureTask.java:317) ~[na:na]
	at org.apache.tomcat.util.threads.InlineExecutorService.execute(InlineExecutorService.java:75) ~[tomcat-embed-core-10.1.31.jar:10.1.31]
	at java.base/java.util.concurrent.AbstractExecutorService.submit(AbstractExecutorService.java:145) ~[na:na]
	at org.apache.catalina.core.ContainerBase.startInternal(ContainerBase.java:749) ~[tomcat-embed-core-10.1.31.jar:10.1.31]
	at org.apache.catalina.core.StandardHost.startInternal(StandardHost.java:772) ~[tomcat-embed-core-10.1.31.jar:10.1.31]
	at org.apache.catalina.util.LifecycleBase.start(LifecycleBase.java:164) ~[tomcat-embed-core-10.1.31.jar:10.1.31]
	at org.apache.catalina.core.ContainerBase$StartChild.call(ContainerBase.java:1203) ~[tomcat-embed-core-10.1.31.jar:10.1.31]
	at org.apache.catalina.core.ContainerBase$StartChild.call(ContainerBase.java:1193) ~[tomcat-embed-core-10.1.31.jar:10.1.31]
	at java.base/java.util.concurrent.FutureTask.run(FutureTask.java:317) ~[na:na]
	at org.apache.tomcat.util.threads.InlineExecutorService.execute(InlineExecutorService.java:75) ~[tomcat-embed-core-10.1.31.jar:10.1.31]
	at java.base/java.util.concurrent.AbstractExecutorService.submit(AbstractExecutorService.java:145) ~[na:na]
	at org.apache.catalina.core.ContainerBase.startInternal(ContainerBase.java:749) ~[tomcat-embed-core-10.1.31.jar:10.1.31]
	at org.apache.catalina.core.StandardEngine.startInternal(StandardEngine.java:203) ~[tomcat-embed-core-10.1.31.jar:10.1.31]
	at org.apache.catalina.util.LifecycleBase.start(LifecycleBase.java:164) ~[tomcat-embed-core-10.1.31.jar:10.1.31]
	at org.apache.catalina.core.StandardService.startInternal(StandardService.java:415) ~[tomcat-embed-core-10.1.31.jar:10.1.31]
	at org.apache.catalina.util.LifecycleBase.start(LifecycleBase.java:164) ~[tomcat-embed-core-10.1.31.jar:10.1.31]
	at org.apache.catalina.core.StandardServer.startInternal(StandardServer.java:870) ~[tomcat-embed-core-10.1.31.jar:10.1.31]
	at org.apache.catalina.util.LifecycleBase.start(LifecycleBase.java:164) ~[tomcat-embed-core-10.1.31.jar:10.1.31]
	at org.apache.catalina.startup.Tomcat.start(Tomcat.java:437) ~[tomcat-embed-core-10.1.31.jar:10.1.31]
	at org.springframework.boot.web.embedded.tomcat.TomcatWebServer.initialize(TomcatWebServer.java:128) ~[spring-boot-3.3.5.jar:3.3.5]
	... 13 common frames omitted
Caused by: org.springframework.beans.factory.BeanCreationException: Error creating bean with name 'jwtTokenProvider': Injection of autowired dependencies failed
	at org.springframework.beans.factory.annotation.AutowiredAnnotationBeanPostProcessor.postProcessProperties(AutowiredAnnotationBeanPostProcessor.java:515) ~[spring-beans-6.1.14.jar:6.1.14]
	at org.springframework.beans.factory.support.AbstractAutowireCapableBeanFactory.populateBean(AbstractAutowireCapableBeanFactory.java:1439) ~[spring-beans-6.1.14.jar:6.1.14]
	at org.springframework.beans.factory.support.AbstractAutowireCapableBeanFactory.doCreateBean(AbstractAutowireCapableBeanFactory.java:599) ~[spring-beans-6.1.14.jar:6.1.14]
	at org.springframework.beans.factory.support.AbstractAutowireCapableBeanFactory.createBean(AbstractAutowireCapableBeanFactory.java:522) ~[spring-beans-6.1.14.jar:6.1.14]
	at org.springframework.beans.factory.support.AbstractBeanFactory.lambda$doGetBean$0(AbstractBeanFactory.java:337) ~[spring-beans-6.1.14.jar:6.1.14]
	at org.springframework.beans.factory.support.DefaultSingletonBeanRegistry.getSingleton(DefaultSingletonBeanRegistry.java:234) ~[spring-beans-6.1.14.jar:6.1.14]
	at org.springframework.beans.factory.support.AbstractBeanFactory.doGetBean(AbstractBeanFactory.java:335) ~[spring-beans-6.1.14.jar:6.1.14]
	at org.springframework.beans.factory.support.AbstractBeanFactory.getBean(AbstractBeanFactory.java:200) ~[spring-beans-6.1.14.jar:6.1.14]
	at org.springframework.beans.factory.config.DependencyDescriptor.resolveCandidate(DependencyDescriptor.java:254) ~[spring-beans-6.1.14.jar:6.1.14]
	at org.springframework.beans.factory.support.DefaultListableBeanFactory.doResolveDependency(DefaultListableBeanFactory.java:1443) ~[spring-beans-6.1.14.jar:6.1.14]
	at org.springframework.beans.factory.support.DefaultListableBeanFactory.resolveDependency(DefaultListableBeanFactory.java:1353) ~[spring-beans-6.1.14.jar:6.1.14]
	at org.springframework.beans.factory.support.ConstructorResolver.resolveAutowiredArgument(ConstructorResolver.java:904) ~[spring-beans-6.1.14.jar:6.1.14]
	at org.springframework.beans.factory.support.ConstructorResolver.createArgumentArray(ConstructorResolver.java:782) ~[spring-beans-6.1.14.jar:6.1.14]
	... 63 common frames omitted
Caused by: java.lang.IllegalArgumentException: Could not resolve placeholder 'JWT_SECRET' in value "${JWT_SECRET}"
	at org.springframework.util.PropertyPlaceholderHelper.parseStringValue(PropertyPlaceholderHelper.java:180) ~[spring-core-6.1.14.jar:6.1.14]
	at org.springframework.util.PropertyPlaceholderHelper.replacePlaceholders(PropertyPlaceholderHelper.java:126) ~[spring-core-6.1.14.jar:6.1.14]
	at org.springframework.core.env.AbstractPropertyResolver.doResolvePlaceholders(AbstractPropertyResolver.java:239) ~[spring-core-6.1.14.jar:6.1.14]
	at org.springframework.core.env.AbstractPropertyResolver.resolveRequiredPlaceholders(AbstractPropertyResolver.java:210) ~[spring-core-6.1.14.jar:6.1.14]
	at org.springframework.core.env.AbstractPropertyResolver.resolveNestedPlaceholders(AbstractPropertyResolver.java:230) ~[spring-core-6.1.14.jar:6.1.14]
	at org.springframework.boot.context.properties.source.ConfigurationPropertySourcesPropertyResolver.getProperty(ConfigurationPropertySourcesPropertyResolver.java:80) ~[spring-boot-3.3.5.jar:3.3.5]
	at org.springframework.boot.context.properties.source.ConfigurationPropertySourcesPropertyResolver.getProperty(ConfigurationPropertySourcesPropertyResolver.java:61) ~[spring-boot-3.3.5.jar:3.3.5]
	at org.springframework.core.env.AbstractEnvironment.getProperty(AbstractEnvironment.java:552) ~[spring-core-6.1.14.jar:6.1.14]
	at org.springframework.context.support.PropertySourcesPlaceholderConfigurer$1.getProperty(PropertySourcesPlaceholderConfigurer.java:153) ~[spring-context-6.1.14.jar:6.1.14]
	at org.springframework.context.support.PropertySourcesPlaceholderConfigurer$1.getProperty(PropertySourcesPlaceholderConfigurer.java:149) ~[spring-context-6.1.14.jar:6.1.14]
	at org.springframework.core.env.PropertySourcesPropertyResolver.getProperty(PropertySourcesPropertyResolver.java:85) ~[spring-core-6.1.14.jar:6.1.14]
	at org.springframework.core.env.PropertySourcesPropertyResolver.getPropertyAsRawString(PropertySourcesPropertyResolver.java:74) ~[spring-core-6.1.14.jar:6.1.14]
	at org.springframework.util.PropertyPlaceholderHelper.parseStringValue(PropertyPlaceholderHelper.java:153) ~[spring-core-6.1.14.jar:6.1.14]
	at org.springframework.util.PropertyPlaceholderHelper.replacePlaceholders(PropertyPlaceholderHelper.java:126) ~[spring-core-6.1.14.jar:6.1.14]
	at org.springframework.core.env.AbstractPropertyResolver.doResolvePlaceholders(AbstractPropertyResolver.java:239) ~[spring-core-6.1.14.jar:6.1.14]
	at org.springframework.core.env.AbstractPropertyResolver.resolveRequiredPlaceholders(AbstractPropertyResolver.java:210) ~[spring-core-6.1.14.jar:6.1.14]
	at org.springframework.context.support.PropertySourcesPlaceholderConfigurer.lambda$processProperties$0(PropertySourcesPlaceholderConfigurer.java:200) ~[spring-context-6.1.14.jar:6.1.14]
	at org.springframework.beans.factory.support.AbstractBeanFactory.resolveEmbeddedValue(AbstractBeanFactory.java:964) ~[spring-beans-6.1.14.jar:6.1.14]
	at org.springframework.beans.factory.support.DefaultListableBeanFactory.doResolveDependency(DefaultListableBeanFactory.java:1374) ~[spring-beans-6.1.14.jar:6.1.14]
	at org.springframework.beans.factory.support.DefaultListableBeanFactory.resolveDependency(DefaultListableBeanFactory.java:1353) ~[spring-beans-6.1.14.jar:6.1.14]
	at org.springframework.beans.factory.annotation.AutowiredAnnotationBeanPostProcessor$AutowiredFieldElement.resolveFieldValue(AutowiredAnnotationBeanPostProcessor.java:785) ~[spring-beans-6.1.14.jar:6.1.14]
	at org.springframework.beans.factory.annotation.AutowiredAnnotationBeanPostProcessor$AutowiredFieldElement.inject(AutowiredAnnotationBeanPostProcessor.java:768) ~[spring-beans-6.1.14.jar:6.1.14]
	at org.springframework.beans.factory.annotation.InjectionMetadata.inject(InjectionMetadata.java:145) ~[spring-beans-6.1.14.jar:6.1.14]
	at org.springframework.beans.factory.annotation.AutowiredAnnotationBeanPostProcessor.postProcessProperties(AutowiredAnnotationBeanPostProcessor.java:509) ~[spring-beans-6.1.14.jar:6.1.14]
	... 75 common frames omitted

2024-12-08T20:57:36.259+03:00  INFO 5116 --- [Task-Manager-Api] [main] c.e.t.TaskManagementApplication          : Starting TaskManagementApplication using Java 22.0.1 with PID 5116 (C:\Users\User\IdeaProjects\taski\target\classes started by User in C:\Users\User\IdeaProjects\taski)
2024-12-08T20:57:36.261+03:00  INFO 5116 --- [Task-Manager-Api] [main] c.e.t.TaskManagementApplication          : No active profile set, falling back to 1 default profile: "default"
2024-12-08T20:57:37.142+03:00  INFO 5116 --- [Task-Manager-Api] [main] .s.d.r.c.RepositoryConfigurationDelegate : Bootstrapping Spring Data JPA repositories in DEFAULT mode.
2024-12-08T20:57:37.190+03:00  INFO 5116 --- [Task-Manager-Api] [main] .s.d.r.c.RepositoryConfigurationDelegate : Finished Spring Data repository scanning in 42 ms. Found 3 JPA repository interfaces.
2024-12-08T20:57:37.759+03:00  INFO 5116 --- [Task-Manager-Api] [main] o.s.b.w.embedded.tomcat.TomcatWebServer  : Tomcat initialized with port 8080 (http)
2024-12-08T20:57:37.770+03:00  INFO 5116 --- [Task-Manager-Api] [main] o.apache.catalina.core.StandardService   : Starting service [Tomcat]
2024-12-08T20:57:37.770+03:00  INFO 5116 --- [Task-Manager-Api] [main] o.apache.catalina.core.StandardEngine    : Starting Servlet engine: [Apache Tomcat/10.1.31]
2024-12-08T20:57:37.822+03:00  INFO 5116 --- [Task-Manager-Api] [main] o.a.c.c.C.[Tomcat].[localhost].[/]       : Initializing Spring embedded WebApplicationContext
2024-12-08T20:57:37.822+03:00  INFO 5116 --- [Task-Manager-Api] [main] w.s.c.ServletWebServerApplicationContext : Root WebApplicationContext: initialization completed in 1513 ms
2024-12-08T20:57:38.075+03:00  INFO 5116 --- [Task-Manager-Api] [main] o.hibernate.jpa.internal.util.LogHelper  : HHH000204: Processing PersistenceUnitInfo [name: default]
2024-12-08T20:57:38.123+03:00  INFO 5116 --- [Task-Manager-Api] [main] org.hibernate.Version                    : HHH000412: Hibernate ORM core version 6.5.3.Final
2024-12-08T20:57:38.151+03:00  INFO 5116 --- [Task-Manager-Api] [main] o.h.c.internal.RegionFactoryInitiator    : HHH000026: Second-level cache disabled
2024-12-08T20:57:38.400+03:00  INFO 5116 --- [Task-Manager-Api] [main] o.s.o.j.p.SpringPersistenceUnitInfo      : No LoadTimeWeaver setup: ignoring JPA class transformer
2024-12-08T20:57:38.425+03:00  INFO 5116 --- [Task-Manager-Api] [main] com.zaxxer.hikari.HikariDataSource       : HikariPool-1 - Starting...
2024-12-08T20:57:38.569+03:00  INFO 5116 --- [Task-Manager-Api] [main] com.zaxxer.hikari.pool.HikariPool        : HikariPool-1 - Added connection org.postgresql.jdbc.PgConnection@9de1b85
2024-12-08T20:57:38.571+03:00  INFO 5116 --- [Task-Manager-Api] [main] com.zaxxer.hikari.HikariDataSource       : HikariPool-1 - Start completed.
2024-12-08T20:57:38.600+03:00  WARN 5116 --- [Task-Manager-Api] [main] org.hibernate.orm.deprecation            : HHH90000025: PostgreSQLDialect does not need to be specified explicitly using 'hibernate.dialect' (remove the property setting and it will be selected by default)
2024-12-08T20:57:39.510+03:00  INFO 5116 --- [Task-Manager-Api] [main] o.h.e.t.j.p.i.JtaPlatformInitiator       : HHH000489: No JTA platform available (set 'hibernate.transaction.jta.platform' to enable JTA platform integration)
2024-12-08T20:57:39.590+03:00  INFO 5116 --- [Task-Manager-Api] [main] j.LocalContainerEntityManagerFactoryBean : Initialized JPA EntityManagerFactory for persistence unit 'default'
2024-12-08T20:57:39.992+03:00  INFO 5116 --- [Task-Manager-Api] [main] o.s.d.j.r.query.QueryEnhancerFactory     : Hibernate is in classpath; If applicable, HQL parser will be used.
2024-12-08T20:57:40.473+03:00  INFO 5116 --- [Task-Manager-Api] [main] eAuthenticationProviderManagerConfigurer : Global AuthenticationManager configured with AuthenticationProvider bean with name authenticationProvider
2024-12-08T20:57:40.474+03:00  WARN 5116 --- [Task-Manager-Api] [main] r$InitializeUserDetailsManagerConfigurer : Global AuthenticationManager configured with an AuthenticationProvider bean. UserDetailsService beans will not be used for username/password login. Consider removing the AuthenticationProvider bean. Alternatively, consider using the UserDetailsService in a manually instantiated DaoAuthenticationProvider.
2024-12-08T20:57:40.684+03:00  INFO 5116 --- [Task-Manager-Api] [main] c.e.t.TaskManagementApplication          : CORS конфигурация загружена. Разрешённые origin: [http://localhost:8080, http://frontend_server]
2024-12-08T20:57:41.015+03:00  INFO 5116 --- [Task-Manager-Api] [main] o.s.b.a.e.web.EndpointLinksResolver      : Exposing 1 endpoint beneath base path '/actuator'
2024-12-08T20:57:41.048+03:00  INFO 5116 --- [Task-Manager-Api] [main] c.e.t.config.SecurityConfig              : SecurityFilterChain успешно настроен.
2024-12-08T20:57:41.557+03:00  WARN 5116 --- [Task-Manager-Api] [main] ConfigServletWebServerApplicationContext : Exception encountered during context initialization - cancelling refresh attempt: org.springframework.context.ApplicationContextException: Failed to start bean 'webServerStartStop'
2024-12-08T20:57:41.562+03:00  INFO 5116 --- [Task-Manager-Api] [main] j.LocalContainerEntityManagerFactoryBean : Closing JPA EntityManagerFactory for persistence unit 'default'
2024-12-08T20:57:41.563+03:00  INFO 5116 --- [Task-Manager-Api] [main] com.zaxxer.hikari.HikariDataSource       : HikariPool-1 - Shutdown initiated...
2024-12-08T20:57:41.569+03:00  INFO 5116 --- [Task-Manager-Api] [main] com.zaxxer.hikari.HikariDataSource       : HikariPool-1 - Shutdown completed.
2024-12-08T20:57:41.584+03:00  INFO 5116 --- [Task-Manager-Api] [main] .s.b.a.l.ConditionEvaluationReportLogger : 

Error starting ApplicationContext. To display the condition evaluation report re-run your application with 'debug' enabled.
2024-12-08T20:57:41.597+03:00 ERROR 5116 --- [Task-Manager-Api] [main] o.s.b.d.LoggingFailureAnalysisReporter   : 

***************************
APPLICATION FAILED TO START
***************************

Description:

Web server failed to start. Port 8080 was already in use.

Action:

Identify and stop the process that's listening on port 8080 or configure this application to listen on another port.

2024-12-08T20:58:05.143+03:00  INFO 9088 --- [Task-Manager-Api] [main] c.e.t.TaskManagementApplication          : Starting TaskManagementApplication using Java 22.0.1 with PID 9088 (C:\Users\User\IdeaProjects\taski\target\classes started by User in C:\Users\User\IdeaProjects\taski)
2024-12-08T20:58:05.145+03:00  INFO 9088 --- [Task-Manager-Api] [main] c.e.t.TaskManagementApplication          : No active profile set, falling back to 1 default profile: "default"
2024-12-08T20:58:06.042+03:00  INFO 9088 --- [Task-Manager-Api] [main] .s.d.r.c.RepositoryConfigurationDelegate : Bootstrapping Spring Data JPA repositories in DEFAULT mode.
2024-12-08T20:58:06.091+03:00  INFO 9088 --- [Task-Manager-Api] [main] .s.d.r.c.RepositoryConfigurationDelegate : Finished Spring Data repository scanning in 43 ms. Found 3 JPA repository interfaces.
2024-12-08T20:58:06.692+03:00  INFO 9088 --- [Task-Manager-Api] [main] o.s.b.w.embedded.tomcat.TomcatWebServer  : Tomcat initialized with port 8080 (http)
2024-12-08T20:58:06.705+03:00  INFO 9088 --- [Task-Manager-Api] [main] o.apache.catalina.core.StandardService   : Starting service [Tomcat]
2024-12-08T20:58:06.705+03:00  INFO 9088 --- [Task-Manager-Api] [main] o.apache.catalina.core.StandardEngine    : Starting Servlet engine: [Apache Tomcat/10.1.31]
2024-12-08T20:58:06.763+03:00  INFO 9088 --- [Task-Manager-Api] [main] o.a.c.c.C.[Tomcat].[localhost].[/]       : Initializing Spring embedded WebApplicationContext
2024-12-08T20:58:06.764+03:00  INFO 9088 --- [Task-Manager-Api] [main] w.s.c.ServletWebServerApplicationContext : Root WebApplicationContext: initialization completed in 1568 ms
2024-12-08T20:58:07.056+03:00  INFO 9088 --- [Task-Manager-Api] [main] o.hibernate.jpa.internal.util.LogHelper  : HHH000204: Processing PersistenceUnitInfo [name: default]
2024-12-08T20:58:07.107+03:00  INFO 9088 --- [Task-Manager-Api] [main] org.hibernate.Version                    : HHH000412: Hibernate ORM core version 6.5.3.Final
2024-12-08T20:58:07.135+03:00  INFO 9088 --- [Task-Manager-Api] [main] o.h.c.internal.RegionFactoryInitiator    : HHH000026: Second-level cache disabled
2024-12-08T20:58:07.399+03:00  INFO 9088 --- [Task-Manager-Api] [main] o.s.o.j.p.SpringPersistenceUnitInfo      : No LoadTimeWeaver setup: ignoring JPA class transformer
2024-12-08T20:58:07.424+03:00  INFO 9088 --- [Task-Manager-Api] [main] com.zaxxer.hikari.HikariDataSource       : HikariPool-1 - Starting...
2024-12-08T20:58:07.572+03:00  INFO 9088 --- [Task-Manager-Api] [main] com.zaxxer.hikari.pool.HikariPool        : HikariPool-1 - Added connection org.postgresql.jdbc.PgConnection@282c5075
2024-12-08T20:58:07.574+03:00  INFO 9088 --- [Task-Manager-Api] [main] com.zaxxer.hikari.HikariDataSource       : HikariPool-1 - Start completed.
2024-12-08T20:58:07.605+03:00  WARN 9088 --- [Task-Manager-Api] [main] org.hibernate.orm.deprecation            : HHH90000025: PostgreSQLDialect does not need to be specified explicitly using 'hibernate.dialect' (remove the property setting and it will be selected by default)
2024-12-08T20:58:08.611+03:00  INFO 9088 --- [Task-Manager-Api] [main] o.h.e.t.j.p.i.JtaPlatformInitiator       : HHH000489: No JTA platform available (set 'hibernate.transaction.jta.platform' to enable JTA platform integration)
2024-12-08T20:58:08.700+03:00  INFO 9088 --- [Task-Manager-Api] [main] j.LocalContainerEntityManagerFactoryBean : Initialized JPA EntityManagerFactory for persistence unit 'default'
2024-12-08T20:58:09.096+03:00  INFO 9088 --- [Task-Manager-Api] [main] o.s.d.j.r.query.QueryEnhancerFactory     : Hibernate is in classpath; If applicable, HQL parser will be used.
2024-12-08T20:58:09.526+03:00  INFO 9088 --- [Task-Manager-Api] [main] eAuthenticationProviderManagerConfigurer : Global AuthenticationManager configured with AuthenticationProvider bean with name authenticationProvider
2024-12-08T20:58:09.528+03:00  WARN 9088 --- [Task-Manager-Api] [main] r$InitializeUserDetailsManagerConfigurer : Global AuthenticationManager configured with an AuthenticationProvider bean. UserDetailsService beans will not be used for username/password login. Consider removing the AuthenticationProvider bean. Alternatively, consider using the UserDetailsService in a manually instantiated DaoAuthenticationProvider.
2024-12-08T20:58:09.773+03:00  INFO 9088 --- [Task-Manager-Api] [main] c.e.t.TaskManagementApplication          : CORS конфигурация загружена. Разрешённые origin: [http://localhost:8080, http://frontend_server]
2024-12-08T20:58:10.111+03:00  INFO 9088 --- [Task-Manager-Api] [main] o.s.b.a.e.web.EndpointLinksResolver      : Exposing 1 endpoint beneath base path '/actuator'
2024-12-08T20:58:10.143+03:00  INFO 9088 --- [Task-Manager-Api] [main] c.e.t.config.SecurityConfig              : SecurityFilterChain успешно настроен.
2024-12-08T20:58:10.632+03:00  INFO 9088 --- [Task-Manager-Api] [main] o.s.b.w.embedded.tomcat.TomcatWebServer  : Tomcat started on port 8080 (http) with context path '/'
2024-12-08T20:58:10.644+03:00  INFO 9088 --- [Task-Manager-Api] [main] c.e.t.TaskManagementApplication          : Started TaskManagementApplication in 5.932 seconds (process running for 6.518)
2024-12-08T20:58:10.649+03:00  INFO 9088 --- [Task-Manager-Api] [main] c.e.t.TaskManagementApplication          : API управления задачами запущено
2024-12-08T20:58:10.856+03:00  INFO 9088 --- [Task-Manager-Api] [RMI TCP Connection(4)-26.168.63.232] o.a.c.c.C.[Tomcat].[localhost].[/]       : Initializing Spring DispatcherServlet 'dispatcherServlet'
2024-12-08T20:58:10.856+03:00  INFO 9088 --- [Task-Manager-Api] [RMI TCP Connection(4)-26.168.63.232] o.s.web.servlet.DispatcherServlet        : Initializing Servlet 'dispatcherServlet'
2024-12-08T20:58:10.858+03:00  INFO 9088 --- [Task-Manager-Api] [RMI TCP Connection(4)-26.168.63.232] o.s.web.servlet.DispatcherServlet        : Completed initialization in 1 ms
2024-12-08T20:58:18.501+03:00 ERROR 9088 --- [Task-Manager-Api] [http-nio-8080-exec-1] c.e.t.security.JwtTokenProvider          : Ошибка при извлечении email из JWT: Illegal base64 character: '_'
2024-12-08T20:58:18.501+03:00  WARN 9088 --- [Task-Manager-Api] [http-nio-8080-exec-1] c.e.t.security.JwtAuthenticationFilter   : Ошибка аутентификации с помощью JWT: Невалидный JWT токен
2024-12-08T20:58:21.749+03:00 ERROR 9088 --- [Task-Manager-Api] [http-nio-8080-exec-2] c.e.t.security.JwtTokenProvider          : Ошибка при извлечении email из JWT: Illegal base64 character: '_'
2024-12-08T20:58:21.749+03:00  WARN 9088 --- [Task-Manager-Api] [http-nio-8080-exec-2] c.e.t.security.JwtAuthenticationFilter   : Ошибка аутентификации с помощью JWT: Невалидный JWT токен
2024-12-08T20:59:18.430+03:00  INFO 9088 --- [Task-Manager-Api] [SpringApplicationShutdownHook] j.LocalContainerEntityManagerFactoryBean : Closing JPA EntityManagerFactory for persistence unit 'default'
2024-12-08T20:59:18.432+03:00  INFO 9088 --- [Task-Manager-Api] [SpringApplicationShutdownHook] com.zaxxer.hikari.HikariDataSource       : HikariPool-1 - Shutdown initiated...
2024-12-08T20:59:18.446+03:00  INFO 9088 --- [Task-Manager-Api] [SpringApplicationShutdownHook] com.zaxxer.hikari.HikariDataSource       : HikariPool-1 - Shutdown completed.
2024-12-08T20:59:50.661+03:00  INFO 1284 --- [Task-Manager-Api] [main] c.e.t.TaskManagementApplication          : Starting TaskManagementApplication using Java 22.0.1 with PID 1284 (C:\Users\User\IdeaProjects\taski\target\classes started by User in C:\Users\User\IdeaProjects\taski)
2024-12-08T20:59:50.663+03:00  INFO 1284 --- [Task-Manager-Api] [main] c.e.t.TaskManagementApplication          : No active profile set, falling back to 1 default profile: "default"
2024-12-08T20:59:51.567+03:00  INFO 1284 --- [Task-Manager-Api] [main] .s.d.r.c.RepositoryConfigurationDelegate : Bootstrapping Spring Data JPA repositories in DEFAULT mode.
2024-12-08T20:59:51.620+03:00  INFO 1284 --- [Task-Manager-Api] [main] .s.d.r.c.RepositoryConfigurationDelegate : Finished Spring Data repository scanning in 47 ms. Found 3 JPA repository interfaces.
2024-12-08T20:59:52.216+03:00  INFO 1284 --- [Task-Manager-Api] [main] o.s.b.w.embedded.tomcat.TomcatWebServer  : Tomcat initialized with port 8080 (http)
2024-12-08T20:59:52.228+03:00  INFO 1284 --- [Task-Manager-Api] [main] o.apache.catalina.core.StandardService   : Starting service [Tomcat]
2024-12-08T20:59:52.229+03:00  INFO 1284 --- [Task-Manager-Api] [main] o.apache.catalina.core.StandardEngine    : Starting Servlet engine: [Apache Tomcat/10.1.31]
2024-12-08T20:59:52.281+03:00  INFO 1284 --- [Task-Manager-Api] [main] o.a.c.c.C.[Tomcat].[localhost].[/]       : Initializing Spring embedded WebApplicationContext
2024-12-08T20:59:52.282+03:00  INFO 1284 --- [Task-Manager-Api] [main] w.s.c.ServletWebServerApplicationContext : Root WebApplicationContext: initialization completed in 1569 ms
2024-12-08T20:59:52.400+03:00 ERROR 1284 --- [Task-Manager-Api] [main] o.s.b.web.embedded.tomcat.TomcatStarter  : Error starting Tomcat context. Exception: org.springframework.beans.factory.UnsatisfiedDependencyException. Message: Error creating bean with name 'securityConfig' defined in file [C:\Users\User\IdeaProjects\taski\target\classes\com\example\taskmanagement\config\SecurityConfig.class]: Unsatisfied dependency expressed through constructor parameter 0: Error creating bean with name 'jwtTokenProvider': Injection of autowired dependencies failed
2024-12-08T20:59:52.419+03:00  INFO 1284 --- [Task-Manager-Api] [main] o.apache.catalina.core.StandardService   : Stopping service [Tomcat]
2024-12-08T20:59:52.427+03:00  WARN 1284 --- [Task-Manager-Api] [main] ConfigServletWebServerApplicationContext : Exception encountered during context initialization - cancelling refresh attempt: org.springframework.context.ApplicationContextException: Unable to start web server
2024-12-08T20:59:52.441+03:00  INFO 1284 --- [Task-Manager-Api] [main] .s.b.a.l.ConditionEvaluationReportLogger : 

Error starting ApplicationContext. To display the condition evaluation report re-run your application with 'debug' enabled.
2024-12-08T20:59:52.457+03:00 ERROR 1284 --- [Task-Manager-Api] [main] o.s.boot.SpringApplication               : Application run failed

org.springframework.context.ApplicationContextException: Unable to start web server
	at org.springframework.boot.web.servlet.context.ServletWebServerApplicationContext.onRefresh(ServletWebServerApplicationContext.java:165) ~[spring-boot-3.3.5.jar:3.3.5]
	at org.springframework.context.support.AbstractApplicationContext.refresh(AbstractApplicationContext.java:619) ~[spring-context-6.1.14.jar:6.1.14]
	at org.springframework.boot.web.servlet.context.ServletWebServerApplicationContext.refresh(ServletWebServerApplicationContext.java:146) ~[spring-boot-3.3.5.jar:3.3.5]
	at org.springframework.boot.SpringApplication.refresh(SpringApplication.java:754) ~[spring-boot-3.3.5.jar:3.3.5]
	at org.springframework.boot.SpringApplication.refreshContext(SpringApplication.java:456) ~[spring-boot-3.3.5.jar:3.3.5]
	at org.springframework.boot.SpringApplication.run(SpringApplication.java:335) ~[spring-boot-3.3.5.jar:3.3.5]
	at org.springframework.boot.SpringApplication.run(SpringApplication.java:1363) ~[spring-boot-3.3.5.jar:3.3.5]
	at org.springframework.boot.SpringApplication.run(SpringApplication.java:1352) ~[spring-boot-3.3.5.jar:3.3.5]
	at com.example.taskmanagement.TaskManagementApplication.main(TaskManagementApplication.java:46) ~[classes/:na]
Caused by: org.springframework.boot.web.server.WebServerException: Unable to start embedded Tomcat
	at org.springframework.boot.web.embedded.tomcat.TomcatWebServer.initialize(TomcatWebServer.java:147) ~[spring-boot-3.3.5.jar:3.3.5]
	at org.springframework.boot.web.embedded.tomcat.TomcatWebServer.<init>(TomcatWebServer.java:107) ~[spring-boot-3.3.5.jar:3.3.5]
	at org.springframework.boot.web.embedded.tomcat.TomcatServletWebServerFactory.getTomcatWebServer(TomcatServletWebServerFactory.java:516) ~[spring-boot-3.3.5.jar:3.3.5]
	at org.springframework.boot.web.embedded.tomcat.TomcatServletWebServerFactory.getWebServer(TomcatServletWebServerFactory.java:222) ~[spring-boot-3.3.5.jar:3.3.5]
	at org.springframework.boot.web.servlet.context.ServletWebServerApplicationContext.createWebServer(ServletWebServerApplicationContext.java:188) ~[spring-boot-3.3.5.jar:3.3.5]
	at org.springframework.boot.web.servlet.context.ServletWebServerApplicationContext.onRefresh(ServletWebServerApplicationContext.java:162) ~[spring-boot-3.3.5.jar:3.3.5]
	... 8 common frames omitted
Caused by: org.springframework.beans.factory.UnsatisfiedDependencyException: Error creating bean with name 'securityConfig' defined in file [C:\Users\User\IdeaProjects\taski\target\classes\com\example\taskmanagement\config\SecurityConfig.class]: Unsatisfied dependency expressed through constructor parameter 0: Error creating bean with name 'jwtTokenProvider': Injection of autowired dependencies failed
	at org.springframework.beans.factory.support.ConstructorResolver.createArgumentArray(ConstructorResolver.java:795) ~[spring-beans-6.1.14.jar:6.1.14]
	at org.springframework.beans.factory.support.ConstructorResolver.autowireConstructor(ConstructorResolver.java:237) ~[spring-beans-6.1.14.jar:6.1.14]
	at org.springframework.beans.factory.support.AbstractAutowireCapableBeanFactory.autowireConstructor(AbstractAutowireCapableBeanFactory.java:1375) ~[spring-beans-6.1.14.jar:6.1.14]
	at org.springframework.beans.factory.support.AbstractAutowireCapableBeanFactory.createBeanInstance(AbstractAutowireCapableBeanFactory.java:1212) ~[spring-beans-6.1.14.jar:6.1.14]
	at org.springframework.beans.factory.support.AbstractAutowireCapableBeanFactory.doCreateBean(AbstractAutowireCapableBeanFactory.java:562) ~[spring-beans-6.1.14.jar:6.1.14]
	at org.springframework.beans.factory.support.AbstractAutowireCapableBeanFactory.createBean(AbstractAutowireCapableBeanFactory.java:522) ~[spring-beans-6.1.14.jar:6.1.14]
	at org.springframework.beans.factory.support.AbstractBeanFactory.lambda$doGetBean$0(AbstractBeanFactory.java:337) ~[spring-beans-6.1.14.jar:6.1.14]
	at org.springframework.beans.factory.support.DefaultSingletonBeanRegistry.getSingleton(DefaultSingletonBeanRegistry.java:234) ~[spring-beans-6.1.14.jar:6.1.14]
	at org.springframework.beans.factory.support.AbstractBeanFactory.doGetBean(AbstractBeanFactory.java:335) ~[spring-beans-6.1.14.jar:6.1.14]
	at org.springframework.beans.factory.support.AbstractBeanFactory.getBean(AbstractBeanFactory.java:200) ~[spring-beans-6.1.14.jar:6.1.14]
	at org.springframework.beans.factory.support.ConstructorResolver.instantiateUsingFactoryMethod(ConstructorResolver.java:409) ~[spring-beans-6.1.14.jar:6.1.14]
	at org.springframework.beans.factory.support.AbstractAutowireCapableBeanFactory.instantiateUsingFactoryMethod(AbstractAutowireCapableBeanFactory.java:1355) ~[spring-beans-6.1.14.jar:6.1.14]
	at org.springframework.beans.factory.support.AbstractAutowireCapableBeanFactory.createBeanInstance(AbstractAutowireCapableBeanFactory.java:1185) ~[spring-beans-6.1.14.jar:6.1.14]
	at org.springframework.beans.factory.support.AbstractAutowireCapableBeanFactory.doCreateBean(AbstractAutowireCapableBeanFactory.java:562) ~[spring-beans-6.1.14.jar:6.1.14]
	at org.springframework.beans.factory.support.AbstractAutowireCapableBeanFactory.createBean(AbstractAutowireCapableBeanFactory.java:522) ~[spring-beans-6.1.14.jar:6.1.14]
	at org.springframework.beans.factory.support.AbstractBeanFactory.lambda$doGetBean$0(AbstractBeanFactory.java:337) ~[spring-beans-6.1.14.jar:6.1.14]
	at org.springframework.beans.factory.support.DefaultSingletonBeanRegistry.getSingleton(DefaultSingletonBeanRegistry.java:234) ~[spring-beans-6.1.14.jar:6.1.14]
	at org.springframework.beans.factory.support.AbstractBeanFactory.doGetBean(AbstractBeanFactory.java:335) ~[spring-beans-6.1.14.jar:6.1.14]
	at org.springframework.beans.factory.support.AbstractBeanFactory.getBean(AbstractBeanFactory.java:205) ~[spring-beans-6.1.14.jar:6.1.14]
	at org.springframework.boot.web.servlet.ServletContextInitializerBeans.getOrderedBeansOfType(ServletContextInitializerBeans.java:211) ~[spring-boot-3.3.5.jar:3.3.5]
	at org.springframework.boot.web.servlet.ServletContextInitializerBeans.addAsRegistrationBean(ServletContextInitializerBeans.java:174) ~[spring-boot-3.3.5.jar:3.3.5]
	at org.springframework.boot.web.servlet.ServletContextInitializerBeans.addAsRegistrationBean(ServletContextInitializerBeans.java:169) ~[spring-boot-3.3.5.jar:3.3.5]
	at org.springframework.boot.web.servlet.ServletContextInitializerBeans.addAdaptableBeans(ServletContextInitializerBeans.java:154) ~[spring-boot-3.3.5.jar:3.3.5]
	at org.springframework.boot.web.servlet.ServletContextInitializerBeans.<init>(ServletContextInitializerBeans.java:87) ~[spring-boot-3.3.5.jar:3.3.5]
	at org.springframework.boot.web.servlet.context.ServletWebServerApplicationContext.getServletContextInitializerBeans(ServletWebServerApplicationContext.java:266) ~[spring-boot-3.3.5.jar:3.3.5]
	at org.springframework.boot.web.servlet.context.ServletWebServerApplicationContext.selfInitialize(ServletWebServerApplicationContext.java:240) ~[spring-boot-3.3.5.jar:3.3.5]
	at org.springframework.boot.web.embedded.tomcat.TomcatStarter.onStartup(TomcatStarter.java:52) ~[spring-boot-3.3.5.jar:3.3.5]
	at org.apache.catalina.core.StandardContext.startInternal(StandardContext.java:4412) ~[tomcat-embed-core-10.1.31.jar:10.1.31]
	at org.apache.catalina.util.LifecycleBase.start(LifecycleBase.java:164) ~[tomcat-embed-core-10.1.31.jar:10.1.31]
	at org.apache.catalina.core.ContainerBase$StartChild.call(ContainerBase.java:1203) ~[tomcat-embed-core-10.1.31.jar:10.1.31]
	at org.apache.catalina.core.ContainerBase$StartChild.call(ContainerBase.java:1193) ~[tomcat-embed-core-10.1.31.jar:10.1.31]
	at java.base/java.util.concurrent.FutureTask.run(FutureTask.java:317) ~[na:na]
	at org.apache.tomcat.util.threads.InlineExecutorService.execute(InlineExecutorService.java:75) ~[tomcat-embed-core-10.1.31.jar:10.1.31]
	at java.base/java.util.concurrent.AbstractExecutorService.submit(AbstractExecutorService.java:145) ~[na:na]
	at org.apache.catalina.core.ContainerBase.startInternal(ContainerBase.java:749) ~[tomcat-embed-core-10.1.31.jar:10.1.31]
	at org.apache.catalina.core.StandardHost.startInternal(StandardHost.java:772) ~[tomcat-embed-core-10.1.31.jar:10.1.31]
	at org.apache.catalina.util.LifecycleBase.start(LifecycleBase.java:164) ~[tomcat-embed-core-10.1.31.jar:10.1.31]
	at org.apache.catalina.core.ContainerBase$StartChild.call(ContainerBase.java:1203) ~[tomcat-embed-core-10.1.31.jar:10.1.31]
	at org.apache.catalina.core.ContainerBase$StartChild.call(ContainerBase.java:1193) ~[tomcat-embed-core-10.1.31.jar:10.1.31]
	at java.base/java.util.concurrent.FutureTask.run(FutureTask.java:317) ~[na:na]
	at org.apache.tomcat.util.threads.InlineExecutorService.execute(InlineExecutorService.java:75) ~[tomcat-embed-core-10.1.31.jar:10.1.31]
	at java.base/java.util.concurrent.AbstractExecutorService.submit(AbstractExecutorService.java:145) ~[na:na]
	at org.apache.catalina.core.ContainerBase.startInternal(ContainerBase.java:749) ~[tomcat-embed-core-10.1.31.jar:10.1.31]
	at org.apache.catalina.core.StandardEngine.startInternal(StandardEngine.java:203) ~[tomcat-embed-core-10.1.31.jar:10.1.31]
	at org.apache.catalina.util.LifecycleBase.start(LifecycleBase.java:164) ~[tomcat-embed-core-10.1.31.jar:10.1.31]
	at org.apache.catalina.core.StandardService.startInternal(StandardService.java:415) ~[tomcat-embed-core-10.1.31.jar:10.1.31]
	at org.apache.catalina.util.LifecycleBase.start(LifecycleBase.java:164) ~[tomcat-embed-core-10.1.31.jar:10.1.31]
	at org.apache.catalina.core.StandardServer.startInternal(StandardServer.java:870) ~[tomcat-embed-core-10.1.31.jar:10.1.31]
	at org.apache.catalina.util.LifecycleBase.start(LifecycleBase.java:164) ~[tomcat-embed-core-10.1.31.jar:10.1.31]
	at org.apache.catalina.startup.Tomcat.start(Tomcat.java:437) ~[tomcat-embed-core-10.1.31.jar:10.1.31]
	at org.springframework.boot.web.embedded.tomcat.TomcatWebServer.initialize(TomcatWebServer.java:128) ~[spring-boot-3.3.5.jar:3.3.5]
	... 13 common frames omitted
Caused by: org.springframework.beans.factory.BeanCreationException: Error creating bean with name 'jwtTokenProvider': Injection of autowired dependencies failed
	at org.springframework.beans.factory.annotation.AutowiredAnnotationBeanPostProcessor.postProcessProperties(AutowiredAnnotationBeanPostProcessor.java:515) ~[spring-beans-6.1.14.jar:6.1.14]
	at org.springframework.beans.factory.support.AbstractAutowireCapableBeanFactory.populateBean(AbstractAutowireCapableBeanFactory.java:1439) ~[spring-beans-6.1.14.jar:6.1.14]
	at org.springframework.beans.factory.support.AbstractAutowireCapableBeanFactory.doCreateBean(AbstractAutowireCapableBeanFactory.java:599) ~[spring-beans-6.1.14.jar:6.1.14]
	at org.springframework.beans.factory.support.AbstractAutowireCapableBeanFactory.createBean(AbstractAutowireCapableBeanFactory.java:522) ~[spring-beans-6.1.14.jar:6.1.14]
	at org.springframework.beans.factory.support.AbstractBeanFactory.lambda$doGetBean$0(AbstractBeanFactory.java:337) ~[spring-beans-6.1.14.jar:6.1.14]
	at org.springframework.beans.factory.support.DefaultSingletonBeanRegistry.getSingleton(DefaultSingletonBeanRegistry.java:234) ~[spring-beans-6.1.14.jar:6.1.14]
	at org.springframework.beans.factory.support.AbstractBeanFactory.doGetBean(AbstractBeanFactory.java:335) ~[spring-beans-6.1.14.jar:6.1.14]
	at org.springframework.beans.factory.support.AbstractBeanFactory.getBean(AbstractBeanFactory.java:200) ~[spring-beans-6.1.14.jar:6.1.14]
	at org.springframework.beans.factory.config.DependencyDescriptor.resolveCandidate(DependencyDescriptor.java:254) ~[spring-beans-6.1.14.jar:6.1.14]
	at org.springframework.beans.factory.support.DefaultListableBeanFactory.doResolveDependency(DefaultListableBeanFactory.java:1443) ~[spring-beans-6.1.14.jar:6.1.14]
	at org.springframework.beans.factory.support.DefaultListableBeanFactory.resolveDependency(DefaultListableBeanFactory.java:1353) ~[spring-beans-6.1.14.jar:6.1.14]
	at org.springframework.beans.factory.support.ConstructorResolver.resolveAutowiredArgument(ConstructorResolver.java:904) ~[spring-beans-6.1.14.jar:6.1.14]
	at org.springframework.beans.factory.support.ConstructorResolver.createArgumentArray(ConstructorResolver.java:782) ~[spring-beans-6.1.14.jar:6.1.14]
	... 63 common frames omitted
Caused by: java.lang.IllegalArgumentException: Could not resolve placeholder 'JWT_SECRET' in value "${JWT_SECRET}"
	at org.springframework.util.PropertyPlaceholderHelper.parseStringValue(PropertyPlaceholderHelper.java:180) ~[spring-core-6.1.14.jar:6.1.14]
	at org.springframework.util.PropertyPlaceholderHelper.replacePlaceholders(PropertyPlaceholderHelper.java:126) ~[spring-core-6.1.14.jar:6.1.14]
	at org.springframework.core.env.AbstractPropertyResolver.doResolvePlaceholders(AbstractPropertyResolver.java:239) ~[spring-core-6.1.14.jar:6.1.14]
	at org.springframework.core.env.AbstractPropertyResolver.resolveRequiredPlaceholders(AbstractPropertyResolver.java:210) ~[spring-core-6.1.14.jar:6.1.14]
	at org.springframework.core.env.AbstractPropertyResolver.resolveNestedPlaceholders(AbstractPropertyResolver.java:230) ~[spring-core-6.1.14.jar:6.1.14]
	at org.springframework.boot.context.properties.source.ConfigurationPropertySourcesPropertyResolver.getProperty(ConfigurationPropertySourcesPropertyResolver.java:80) ~[spring-boot-3.3.5.jar:3.3.5]
	at org.springframework.boot.context.properties.source.ConfigurationPropertySourcesPropertyResolver.getProperty(ConfigurationPropertySourcesPropertyResolver.java:61) ~[spring-boot-3.3.5.jar:3.3.5]
	at org.springframework.core.env.AbstractEnvironment.getProperty(AbstractEnvironment.java:552) ~[spring-core-6.1.14.jar:6.1.14]
	at org.springframework.context.support.PropertySourcesPlaceholderConfigurer$1.getProperty(PropertySourcesPlaceholderConfigurer.java:153) ~[spring-context-6.1.14.jar:6.1.14]
	at org.springframework.context.support.PropertySourcesPlaceholderConfigurer$1.getProperty(PropertySourcesPlaceholderConfigurer.java:149) ~[spring-context-6.1.14.jar:6.1.14]
	at org.springframework.core.env.PropertySourcesPropertyResolver.getProperty(PropertySourcesPropertyResolver.java:85) ~[spring-core-6.1.14.jar:6.1.14]
	at org.springframework.core.env.PropertySourcesPropertyResolver.getPropertyAsRawString(PropertySourcesPropertyResolver.java:74) ~[spring-core-6.1.14.jar:6.1.14]
	at org.springframework.util.PropertyPlaceholderHelper.parseStringValue(PropertyPlaceholderHelper.java:153) ~[spring-core-6.1.14.jar:6.1.14]
	at org.springframework.util.PropertyPlaceholderHelper.replacePlaceholders(PropertyPlaceholderHelper.java:126) ~[spring-core-6.1.14.jar:6.1.14]
	at org.springframework.core.env.AbstractPropertyResolver.doResolvePlaceholders(AbstractPropertyResolver.java:239) ~[spring-core-6.1.14.jar:6.1.14]
	at org.springframework.core.env.AbstractPropertyResolver.resolveRequiredPlaceholders(AbstractPropertyResolver.java:210) ~[spring-core-6.1.14.jar:6.1.14]
	at org.springframework.context.support.PropertySourcesPlaceholderConfigurer.lambda$processProperties$0(PropertySourcesPlaceholderConfigurer.java:200) ~[spring-context-6.1.14.jar:6.1.14]
	at org.springframework.beans.factory.support.AbstractBeanFactory.resolveEmbeddedValue(AbstractBeanFactory.java:964) ~[spring-beans-6.1.14.jar:6.1.14]
	at org.springframework.beans.factory.support.DefaultListableBeanFactory.doResolveDependency(DefaultListableBeanFactory.java:1374) ~[spring-beans-6.1.14.jar:6.1.14]
	at org.springframework.beans.factory.support.DefaultListableBeanFactory.resolveDependency(DefaultListableBeanFactory.java:1353) ~[spring-beans-6.1.14.jar:6.1.14]
	at org.springframework.beans.factory.annotation.AutowiredAnnotationBeanPostProcessor$AutowiredFieldElement.resolveFieldValue(AutowiredAnnotationBeanPostProcessor.java:785) ~[spring-beans-6.1.14.jar:6.1.14]
	at org.springframework.beans.factory.annotation.AutowiredAnnotationBeanPostProcessor$AutowiredFieldElement.inject(AutowiredAnnotationBeanPostProcessor.java:768) ~[spring-beans-6.1.14.jar:6.1.14]
	at org.springframework.beans.factory.annotation.InjectionMetadata.inject(InjectionMetadata.java:145) ~[spring-beans-6.1.14.jar:6.1.14]
	at org.springframework.beans.factory.annotation.AutowiredAnnotationBeanPostProcessor.postProcessProperties(AutowiredAnnotationBeanPostProcessor.java:509) ~[spring-beans-6.1.14.jar:6.1.14]
	... 75 common frames omitted

